INFO 2024-12-20 18:08:46,729 autoreload Watching for file changes with StatReloader
INFO 2024-12-20 18:08:54,227 basehttp "GET / HTTP/1.1" 200 1337962
INFO 2024-12-20 18:08:54,330 basehttp "GET /static/css/style.css HTTP/1.1" 304 0
INFO 2024-12-20 18:08:55,092 basehttp "GET /static/js/details.js HTTP/1.1" 304 0
WARNING 2024-12-20 18:09:06,358 views Failed login attempt for user: user
INFO 2024-12-20 18:09:06,361 basehttp "POST /login/ HTTP/1.1" 200 1822
INFO 2024-12-20 18:09:14,055 basehttp "GET / HTTP/1.1" 200 1338001
WARNING 2024-12-20 18:09:28,430 views Failed login attempt for user: user
INFO 2024-12-20 18:09:28,433 basehttp "POST /login/ HTTP/1.1" 200 1802
WARNING 2024-12-20 18:12:38,959 views Failed login attempt for user: admin
INFO 2024-12-20 18:12:38,961 basehttp "POST /login/ HTTP/1.1" 200 1805
WARNING 2024-12-20 20:38:14,549 views Failed login attempt for user: admin
INFO 2024-12-20 20:38:14,552 basehttp "POST /login/ HTTP/1.1" 200 1774
INFO 2024-12-20 20:38:14,637 basehttp "GET /static/js/plotly-locale-ar.js HTTP/1.1" 200 1386
INFO 2024-12-20 20:38:14,642 basehttp "GET /static/css/style.css HTTP/1.1" 200 9496
INFO 2024-12-20 20:38:14,646 basehttp "GET /static/css/flatpickr.css HTTP/1.1" 200 20981
INFO 2024-12-20 20:38:14,663 basehttp "GET /static/js/flatpickr.js HTTP/1.1" 200 89905
INFO 2024-12-20 20:38:14,670 basehttp "GET /static/js/details.js HTTP/1.1" 200 6618
INFO 2024-12-20 20:38:14,687 basehttp "GET /static/css/bootstrap.rtl.css HTTP/1.1" 200 280259
INFO 2024-12-20 20:38:14,699 basehttp "GET /static/js/bootstrap.bundle.js HTTP/1.1" 200 207819
INFO 2024-12-20 20:38:14,754 basehttp "GET /static/pdfjs/build/pdf.mjs HTTP/1.1" 200 628531
INFO 2024-12-20 20:38:14,783 basehttp "GET /static/fonts/Shabwa.ttf HTTP/1.1" 200 51148
INFO 2024-12-20 20:38:14,786 basehttp "GET /static/fonts/Shabwa-Medium.ttf HTTP/1.1" 200 51776
INFO 2024-12-20 20:38:15,473 basehttp "GET /static/js/plotly-3.0.0-rc.0.js HTTP/1.1" 200 10779558
INFO 2024-12-20 20:38:15,644 basehttp "GET /static/favicon.png HTTP/1.1" 200 6093
INFO 2024-12-20 20:38:20,220 basehttp "GET / HTTP/1.1" 200 1337972
WARNING 2024-12-20 20:38:56,176 views Failed login attempt for user: user
INFO 2024-12-20 20:38:56,179 basehttp "POST /login/ HTTP/1.1" 200 1800
INFO 2024-12-20 20:39:44,015 autoreload /workspaces/mail_archive/mail_archive/settings.py changed, reloading.
INFO 2024-12-20 20:39:45,570 autoreload Watching for file changes with StatReloader
INFO 2024-12-20 20:40:13,316 autoreload /workspaces/mail_archive/mail_archive/settings.py changed, reloading.
INFO 2024-12-20 20:40:14,758 autoreload Watching for file changes with StatReloader
INFO 2024-12-20 21:00:26,497 views User admin logged in successfully.
INFO 2024-12-20 21:00:26,511 basehttp "POST /login/ HTTP/1.1" 302 0
INFO 2024-12-20 21:00:26,541 basehttp "GET / HTTP/1.1" 302 0
INFO 2024-12-20 21:00:26,662 basehttp "GET /admin/ HTTP/1.1" 200 2300
INFO 2024-12-20 21:00:26,859 basehttp "GET /favicon.ico/ HTTP/1.1" 302 0
INFO 2024-12-20 21:00:26,887 basehttp "GET /admin/ HTTP/1.1" 200 2295
INFO 2024-12-20 21:00:40,569 basehttp "GET /admin/auth/user/ HTTP/1.1" 200 3628
INFO 2024-12-20 21:00:40,661 basehttp "GET /admin/jsi18n/ HTTP/1.1" 200 2897
INFO 2024-12-20 21:00:40,798 basehttp "GET /favicon.ico/ HTTP/1.1" 302 0
INFO 2024-12-20 21:00:40,828 basehttp "GET /admin/ HTTP/1.1" 200 2268
INFO 2024-12-20 21:00:45,226 basehttp "GET /admin/auth/user/add/ HTTP/1.1" 200 3573
INFO 2024-12-20 21:00:45,318 basehttp "GET /admin/jsi18n/ HTTP/1.1" 200 2913
INFO 2024-12-20 21:00:45,419 basehttp "GET /favicon.ico/ HTTP/1.1" 302 0
INFO 2024-12-20 21:00:45,445 basehttp "GET /admin/ HTTP/1.1" 200 2255
INFO 2024-12-20 21:01:01,877 basehttp "POST /admin/auth/user/add/ HTTP/1.1" 200 3615
INFO 2024-12-20 21:01:01,938 basehttp "GET /admin/jsi18n/ HTTP/1.1" 200 2923
INFO 2024-12-20 21:01:02,028 basehttp "GET /favicon.ico/ HTTP/1.1" 302 0
INFO 2024-12-20 21:01:02,058 basehttp "GET /admin/ HTTP/1.1" 200 2223
INFO 2024-12-20 21:01:25,416 basehttp "POST /admin/auth/user/add/ HTTP/1.1" 302 0
INFO 2024-12-20 21:01:25,512 basehttp "GET /admin/auth/user/2/change/ HTTP/1.1" 200 5303
INFO 2024-12-20 21:01:25,578 basehttp "GET /admin/jsi18n/ HTTP/1.1" 200 2935
INFO 2024-12-20 21:01:25,727 basehttp "GET /favicon.ico/ HTTP/1.1" 302 0
INFO 2024-12-20 21:01:25,757 basehttp "GET /admin/ HTTP/1.1" 200 2336
INFO 2024-12-20 21:01:29,248 basehttp "POST /admin/logout/ HTTP/1.1" 302 0
INFO 2024-12-20 21:01:29,522 basehttp "GET / HTTP/1.1" 200 1338017
INFO 2024-12-20 21:01:37,643 views User user logged in successfully.
INFO 2024-12-20 21:01:37,647 basehttp "POST /login/ HTTP/1.1" 302 0
INFO 2024-12-20 21:01:37,942 basehttp "GET / HTTP/1.1" 200 1338509
INFO 2024-12-20 21:01:42,315 views Submitted Query: 
INFO 2024-12-20 21:01:42,318 views Returned 0 documents for model 'outgoing'.
INFO 2024-12-20 21:01:42,333 basehttp "GET /documents/outgoing/ HTTP/1.1" 200 3380
INFO 2024-12-20 21:01:43,141 views Submitted Query: 
INFO 2024-12-20 21:01:43,144 views Returned 0 documents for model 'incoming'.
INFO 2024-12-20 21:01:43,149 basehttp "GET /documents/incoming/ HTTP/1.1" 200 3329
INFO 2024-12-20 21:01:43,735 views Submitted Query: 
INFO 2024-12-20 21:01:43,738 views Returned 0 documents for model 'internal'.
INFO 2024-12-20 21:01:43,743 basehttp "GET /documents/internal/ HTTP/1.1" 200 3354
INFO 2024-12-20 21:01:44,218 views Submitted Query: 
INFO 2024-12-20 21:01:44,222 views Returned 0 documents for model 'decree'.
INFO 2024-12-20 21:01:44,228 basehttp "GET /documents/decree/ HTTP/1.1" 200 3379
INFO 2024-12-20 21:01:44,890 views Submitted Query: 
INFO 2024-12-20 21:01:44,892 views Returned 0 documents for model 'report'.
INFO 2024-12-20 21:01:44,897 basehttp "GET /documents/report/ HTTP/1.1" 200 3319
INFO 2024-12-20 21:01:45,672 views Submitted Query: 
INFO 2024-12-20 21:01:45,675 views Returned 0 documents for model 'outgoing'.
INFO 2024-12-20 21:01:45,680 basehttp "GET /documents/outgoing/ HTTP/1.1" 200 3312
INFO 2024-12-20 21:01:50,860 basehttp "GET / HTTP/1.1" 200 1338570
INFO 2024-12-20 21:02:02,513 basehttp "POST /logout/ HTTP/1.1" 302 0
INFO 2024-12-20 21:02:02,769 basehttp "GET / HTTP/1.1" 200 1338026
INFO 2024-12-20 21:03:27,182 basehttp "GET / HTTP/1.1" 200 1337965
INFO 2024-12-20 21:03:27,324 basehttp "GET / HTTP/1.1" 200 1337962
INFO 2024-12-20 21:03:27,475 basehttp "GET / HTTP/1.1" 200 1338029
INFO 2024-12-20 21:03:27,765 basehttp "GET / HTTP/1.1" 200 1338026
INFO 2024-12-20 21:03:27,887 basehttp "GET / HTTP/1.1" 200 1337968
INFO 2024-12-20 21:03:28,045 basehttp "GET / HTTP/1.1" 200 1338018
INFO 2024-12-20 21:03:28,187 basehttp "GET / HTTP/1.1" 200 1338054
INFO 2024-12-20 21:03:28,234 basehttp "GET /static/css/style.css HTTP/1.1" 200 9496
INFO 2024-12-20 21:03:28,236 basehttp "GET /static/css/flatpickr.css HTTP/1.1" 200 20981
INFO 2024-12-20 21:03:28,255 basehttp "GET /static/css/bootstrap.rtl.css HTTP/1.1" 200 280259
INFO 2024-12-20 21:03:28,309 basehttp "GET /static/js/plotly-locale-ar.js HTTP/1.1" 200 1386
INFO 2024-12-20 21:03:28,312 basehttp "GET /static/js/details.js HTTP/1.1" 200 6618
INFO 2024-12-20 21:03:28,334 basehttp "GET /static/js/flatpickr.js HTTP/1.1" 200 89905
INFO 2024-12-20 21:03:28,348 basehttp "GET /static/fonts/Shabwa.ttf HTTP/1.1" 200 51148
INFO 2024-12-20 21:03:28,349 basehttp "GET /static/fonts/Shabwa-Medium.ttf HTTP/1.1" 200 51776
INFO 2024-12-20 21:03:28,360 basehttp "GET /static/js/bootstrap.bundle.js HTTP/1.1" 200 207819
INFO 2024-12-20 21:03:28,392 basehttp "GET /static/pdfjs/build/pdf.mjs HTTP/1.1" 200 628531
INFO 2024-12-20 21:03:29,169 basehttp "GET /static/js/plotly-3.0.0-rc.0.js HTTP/1.1" 200 10779558
INFO 2024-12-20 21:03:29,313 basehttp "GET /static/favicon.png HTTP/1.1" 200 6093
INFO 2024-12-20 21:03:31,547 basehttp "GET / HTTP/1.1" 200 1338016
INFO 2024-12-20 21:03:31,679 basehttp "GET / HTTP/1.1" 200 1338018
INFO 2024-12-20 21:03:31,782 basehttp "GET / HTTP/1.1" 200 1338006
INFO 2024-12-20 21:03:31,848 basehttp "GET /static/css/style.css HTTP/1.1" 200 9496
INFO 2024-12-20 21:03:31,849 basehttp "GET /static/css/flatpickr.css HTTP/1.1" 200 20981
INFO 2024-12-20 21:03:31,881 basehttp "GET /static/css/bootstrap.rtl.css HTTP/1.1" 200 280259
INFO 2024-12-20 21:03:31,889 basehttp "GET /static/js/plotly-locale-ar.js HTTP/1.1" 200 1386
INFO 2024-12-20 21:03:31,904 basehttp "GET /static/js/details.js HTTP/1.1" 200 6618
INFO 2024-12-20 21:03:31,915 basehttp "GET /static/js/flatpickr.js HTTP/1.1" 200 89905
INFO 2024-12-20 21:03:31,942 basehttp "GET /static/js/bootstrap.bundle.js HTTP/1.1" 200 207819
INFO 2024-12-20 21:03:31,962 basehttp "GET /static/fonts/Shabwa.ttf HTTP/1.1" 200 51148
INFO 2024-12-20 21:03:31,966 basehttp "GET /static/fonts/Shabwa-Medium.ttf HTTP/1.1" 200 51776
INFO 2024-12-20 21:03:31,992 basehttp "GET /static/pdfjs/build/pdf.mjs HTTP/1.1" 200 628531
INFO 2024-12-20 21:03:32,756 basehttp "GET /static/js/plotly-3.0.0-rc.0.js HTTP/1.1" 200 10779558
INFO 2024-12-20 21:03:32,892 basehttp "GET /static/favicon.png HTTP/1.1" 200 6093
INFO 2024-12-20 21:03:34,628 basehttp "GET / HTTP/1.1" 200 1338002
INFO 2024-12-20 21:03:34,684 basehttp "GET /static/css/style.css HTTP/1.1" 200 9496
INFO 2024-12-20 21:03:34,685 basehttp "GET /static/css/flatpickr.css HTTP/1.1" 200 20981
INFO 2024-12-20 21:03:34,711 basehttp "GET /static/css/bootstrap.rtl.css HTTP/1.1" 200 280259
INFO 2024-12-20 21:03:34,735 basehttp "GET /static/js/plotly-locale-ar.js HTTP/1.1" 200 1386
INFO 2024-12-20 21:03:34,740 basehttp "GET /static/js/details.js HTTP/1.1" 200 6618
INFO 2024-12-20 21:03:34,756 basehttp "GET /static/js/flatpickr.js HTTP/1.1" 200 89905
INFO 2024-12-20 21:03:34,775 basehttp "GET /static/js/bootstrap.bundle.js HTTP/1.1" 200 207819
INFO 2024-12-20 21:03:34,811 basehttp "GET /static/fonts/Shabwa.ttf HTTP/1.1" 200 51148
INFO 2024-12-20 21:03:34,816 basehttp "GET /static/fonts/Shabwa-Medium.ttf HTTP/1.1" 200 51776
INFO 2024-12-20 21:03:34,823 basehttp "GET /static/pdfjs/build/pdf.mjs HTTP/1.1" 200 628531
INFO 2024-12-20 21:03:35,543 basehttp "GET /static/js/plotly-3.0.0-rc.0.js HTTP/1.1" 200 10779558
INFO 2024-12-20 21:03:35,668 basehttp "GET /static/favicon.png HTTP/1.1" 200 6093
INFO 2024-12-20 21:03:45,672 basehttp "GET /static/js/bootstrap.bundle.js.map HTTP/1.1" 304 0
INFO 2024-12-20 21:03:45,747 basehttp "GET /static/css/bootstrap.rtl.css.map HTTP/1.1" 304 0
INFO 2024-12-20 21:06:08,192 basehttp "GET / HTTP/1.1" 200 1338006
INFO 2024-12-20 21:06:08,277 basehttp "GET /static/css/style.css HTTP/1.1" 200 9496
INFO 2024-12-20 21:06:08,280 basehttp "GET /static/css/flatpickr.css HTTP/1.1" 200 20981
INFO 2024-12-20 21:06:08,308 basehttp "GET /static/css/bootstrap.rtl.css HTTP/1.1" 200 280259
INFO 2024-12-20 21:06:08,373 basehttp "GET /static/fonts/Shabwa.ttf HTTP/1.1" 200 51148
INFO 2024-12-20 21:06:08,374 basehttp "GET /static/fonts/Shabwa-Medium.ttf HTTP/1.1" 200 51776
INFO 2024-12-20 21:06:08,428 basehttp "GET /static/pdfjs/build/pdf.mjs HTTP/1.1" 200 628531
INFO 2024-12-20 21:06:08,442 basehttp "GET /static/js/plotly-locale-ar.js HTTP/1.1" 200 1386
INFO 2024-12-20 21:06:08,455 basehttp "GET /static/js/details.js HTTP/1.1" 200 6618
INFO 2024-12-20 21:06:08,481 basehttp "GET /static/js/flatpickr.js HTTP/1.1" 200 89905
INFO 2024-12-20 21:06:08,500 basehttp "GET /static/js/bootstrap.bundle.js HTTP/1.1" 200 207819
INFO 2024-12-20 21:06:09,412 basehttp "GET /static/js/plotly-3.0.0-rc.0.js HTTP/1.1" 200 10779558
INFO 2024-12-20 21:06:10,594 basehttp "GET / HTTP/1.1" 200 1337967
INFO 2024-12-20 21:06:10,682 basehttp "GET /static/css/style.css HTTP/1.1" 200 9496
INFO 2024-12-20 21:06:10,684 basehttp "GET /static/css/flatpickr.css HTTP/1.1" 200 20981
INFO 2024-12-20 21:06:10,712 basehttp "GET /static/css/bootstrap.rtl.css HTTP/1.1" 200 280259
INFO 2024-12-20 21:06:10,761 basehttp "GET /static/fonts/Shabwa.ttf HTTP/1.1" 200 51148
INFO 2024-12-20 21:06:10,762 basehttp "GET /static/fonts/Shabwa-Medium.ttf HTTP/1.1" 200 51776
INFO 2024-12-20 21:06:10,788 basehttp "GET /static/pdfjs/build/pdf.mjs HTTP/1.1" 200 628531
INFO 2024-12-20 21:06:10,829 basehttp "GET /static/js/details.js HTTP/1.1" 200 6618
INFO 2024-12-20 21:06:10,831 basehttp "GET /static/js/plotly-locale-ar.js HTTP/1.1" 200 1386
INFO 2024-12-20 21:06:10,861 basehttp "GET /static/js/flatpickr.js HTTP/1.1" 200 89905
INFO 2024-12-20 21:06:10,899 basehttp "GET /static/js/bootstrap.bundle.js HTTP/1.1" 200 207819
INFO 2024-12-20 21:06:11,840 basehttp "GET /static/js/plotly-3.0.0-rc.0.js HTTP/1.1" 200 10779558
INFO 2024-12-20 21:06:30,589 basehttp "GET / HTTP/1.1" 200 1338004
INFO 2024-12-20 21:06:33,102 basehttp "GET / HTTP/1.1" 200 1338044
INFO 2024-12-20 21:06:33,184 basehttp "GET /static/css/style.css HTTP/1.1" 200 9496
INFO 2024-12-20 21:06:33,185 basehttp "GET /static/css/flatpickr.css HTTP/1.1" 200 20981
INFO 2024-12-20 21:06:33,207 basehttp "GET /static/js/plotly-locale-ar.js HTTP/1.1" 200 1386
INFO 2024-12-20 21:06:33,221 basehttp "GET /static/css/bootstrap.rtl.css HTTP/1.1" 200 280259
INFO 2024-12-20 21:06:33,234 basehttp "GET /static/js/details.js HTTP/1.1" 200 6618
INFO 2024-12-20 21:06:33,235 basehttp "GET /static/js/flatpickr.js HTTP/1.1" 200 89905
INFO 2024-12-20 21:06:33,254 basehttp "GET /static/js/bootstrap.bundle.js HTTP/1.1" 200 207819
INFO 2024-12-20 21:06:33,293 basehttp "GET /static/pdfjs/build/pdf.mjs HTTP/1.1" 200 628531
INFO 2024-12-20 21:06:33,372 basehttp "GET /static/fonts/Shabwa.ttf HTTP/1.1" 200 51148
INFO 2024-12-20 21:06:33,376 basehttp "GET /static/fonts/Shabwa-Medium.ttf HTTP/1.1" 200 51776
INFO 2024-12-20 21:06:34,081 basehttp "GET /static/js/plotly-3.0.0-rc.0.js HTTP/1.1" 200 10779558
INFO 2024-12-20 21:06:35,374 basehttp "GET /static/favicon.png HTTP/1.1" 200 6093
INFO 2024-12-20 21:10:31,335 basehttp "GET / HTTP/1.1" 200 1337996
INFO 2024-12-20 21:10:31,425 basehttp "GET /static/css/style.css HTTP/1.1" 200 9496
INFO 2024-12-20 21:10:31,428 basehttp "GET /static/css/flatpickr.css HTTP/1.1" 200 20981
INFO 2024-12-20 21:10:31,456 basehttp "GET /static/css/bootstrap.rtl.css HTTP/1.1" 200 280259
INFO 2024-12-20 21:10:31,505 basehttp "GET /static/fonts/Shabwa.ttf HTTP/1.1" 200 51148
INFO 2024-12-20 21:10:31,505 basehttp "GET /static/fonts/Shabwa-Medium.ttf HTTP/1.1" 200 51776
INFO 2024-12-20 21:10:31,538 basehttp "GET /static/pdfjs/build/pdf.mjs HTTP/1.1" 200 628531
INFO 2024-12-20 21:10:31,566 basehttp "GET /static/js/plotly-locale-ar.js HTTP/1.1" 200 1386
INFO 2024-12-20 21:10:31,572 basehttp "GET /static/js/details.js HTTP/1.1" 200 6618
INFO 2024-12-20 21:10:31,596 basehttp "GET /static/js/flatpickr.js HTTP/1.1" 200 89905
INFO 2024-12-20 21:10:31,623 basehttp "GET /static/js/bootstrap.bundle.js HTTP/1.1" 200 207819
INFO 2024-12-20 21:10:32,729 basehttp "GET /static/js/plotly-3.0.0-rc.0.js HTTP/1.1" 200 10779558
INFO 2024-12-20 21:10:33,709 basehttp "GET /static/favicon.png HTTP/1.1" 200 6093
INFO 2024-12-20 21:17:06,790 basehttp "GET / HTTP/1.1" 200 1337991
INFO 2024-12-20 21:17:06,875 basehttp "GET /static/css/style.css HTTP/1.1" 200 9496
INFO 2024-12-20 21:17:06,877 basehttp "GET /static/css/flatpickr.css HTTP/1.1" 200 20981
INFO 2024-12-20 21:17:06,907 basehttp "GET /static/css/bootstrap.rtl.css HTTP/1.1" 200 280259
INFO 2024-12-20 21:17:06,965 basehttp "GET /static/fonts/Shabwa-Medium.ttf HTTP/1.1" 200 51776
INFO 2024-12-20 21:17:06,966 basehttp "GET /static/fonts/Shabwa.ttf HTTP/1.1" 200 51148
INFO 2024-12-20 21:17:07,001 basehttp "GET /static/pdfjs/build/pdf.mjs HTTP/1.1" 200 628531
INFO 2024-12-20 21:17:07,029 basehttp "GET /static/js/details.js HTTP/1.1" 200 6618
INFO 2024-12-20 21:17:07,035 basehttp "GET /static/js/plotly-locale-ar.js HTTP/1.1" 200 1386
INFO 2024-12-20 21:17:07,061 basehttp "GET /static/js/flatpickr.js HTTP/1.1" 200 89905
INFO 2024-12-20 21:17:07,084 basehttp "GET /static/js/bootstrap.bundle.js HTTP/1.1" 200 207819
INFO 2024-12-20 21:17:08,062 basehttp "GET /static/js/plotly-3.0.0-rc.0.js HTTP/1.1" 200 10779558
INFO 2024-12-20 21:17:09,164 basehttp "GET / HTTP/1.1" 200 1337946
INFO 2024-12-20 21:17:09,249 basehttp "GET /static/css/style.css HTTP/1.1" 200 9496
INFO 2024-12-20 21:17:09,251 basehttp "GET /static/css/flatpickr.css HTTP/1.1" 200 20981
INFO 2024-12-20 21:17:09,276 basehttp "GET /static/css/bootstrap.rtl.css HTTP/1.1" 200 280259
INFO 2024-12-20 21:17:09,330 basehttp "GET /static/fonts/Shabwa.ttf HTTP/1.1" 200 51148
INFO 2024-12-20 21:17:09,331 basehttp "GET /static/fonts/Shabwa-Medium.ttf HTTP/1.1" 200 51776
INFO 2024-12-20 21:17:09,361 basehttp "GET /static/pdfjs/build/pdf.mjs HTTP/1.1" 200 628531
INFO 2024-12-20 21:17:09,376 basehttp "GET /static/js/plotly-locale-ar.js HTTP/1.1" 200 1386
INFO 2024-12-20 21:17:09,380 basehttp "GET /static/js/details.js HTTP/1.1" 200 6618
INFO 2024-12-20 21:17:09,406 basehttp "GET /static/js/flatpickr.js HTTP/1.1" 200 89905
INFO 2024-12-20 21:17:09,431 basehttp "GET /static/js/bootstrap.bundle.js HTTP/1.1" 200 207819
INFO 2024-12-20 21:17:10,363 basehttp "GET /static/js/plotly-3.0.0-rc.0.js HTTP/1.1" 200 10779558
INFO 2024-12-20 21:17:11,402 basehttp "GET /static/favicon.png HTTP/1.1" 200 6093
INFO 2024-12-20 21:18:39,856 basehttp "GET / HTTP/1.1" 200 1338047
INFO 2024-12-20 21:18:39,945 basehttp "GET /static/css/style.css HTTP/1.1" 200 9496
INFO 2024-12-20 21:18:39,949 basehttp "GET /static/css/flatpickr.css HTTP/1.1" 200 20981
INFO 2024-12-20 21:18:39,981 basehttp "GET /static/css/bootstrap.rtl.css HTTP/1.1" 200 280259
INFO 2024-12-20 21:18:40,033 basehttp "GET /static/fonts/Shabwa.ttf HTTP/1.1" 200 51148
INFO 2024-12-20 21:18:40,034 basehttp "GET /static/fonts/Shabwa-Medium.ttf HTTP/1.1" 200 51776
INFO 2024-12-20 21:18:40,055 basehttp "GET /static/pdfjs/build/pdf.mjs HTTP/1.1" 200 628531
INFO 2024-12-20 21:18:40,088 basehttp "GET /static/js/plotly-locale-ar.js HTTP/1.1" 200 1386
INFO 2024-12-20 21:18:40,091 basehttp "GET /static/js/details.js HTTP/1.1" 200 6618
INFO 2024-12-20 21:18:40,119 basehttp "GET /static/js/flatpickr.js HTTP/1.1" 200 89905
INFO 2024-12-20 21:18:40,142 basehttp "GET /static/js/bootstrap.bundle.js HTTP/1.1" 200 207819
INFO 2024-12-20 21:18:41,085 basehttp "GET /static/js/plotly-3.0.0-rc.0.js HTTP/1.1" 200 10779558
INFO 2024-12-20 21:18:42,196 basehttp "GET /static/favicon.png HTTP/1.1" 200 6093
INFO 2024-12-20 21:22:39,118 basehttp "GET / HTTP/1.1" 200 1337975
INFO 2024-12-20 21:22:39,206 basehttp "GET /static/css/style.css HTTP/1.1" 200 9496
INFO 2024-12-20 21:22:39,208 basehttp "GET /static/css/flatpickr.css HTTP/1.1" 200 20981
INFO 2024-12-20 21:22:39,253 basehttp "GET /static/css/bootstrap.rtl.css HTTP/1.1" 200 280259
INFO 2024-12-20 21:22:39,345 basehttp "GET /static/js/plotly-locale-ar.js HTTP/1.1" 200 1386
INFO 2024-12-20 21:22:39,348 basehttp "GET /static/fonts/Shabwa.ttf HTTP/1.1" 200 51148
INFO 2024-12-20 21:22:39,356 basehttp "GET /static/fonts/Shabwa-Medium.ttf HTTP/1.1" 200 51776
INFO 2024-12-20 21:22:39,376 basehttp "GET /static/js/flatpickr.js HTTP/1.1" 200 89905
INFO 2024-12-20 21:22:39,385 basehttp "GET /static/js/details.js HTTP/1.1" 200 6618
INFO 2024-12-20 21:22:39,392 basehttp "GET /static/pdfjs/build/pdf.mjs HTTP/1.1" 200 628531
INFO 2024-12-20 21:22:39,420 basehttp "GET /static/js/bootstrap.bundle.js HTTP/1.1" 200 207819
INFO 2024-12-20 21:22:40,383 basehttp "GET /static/js/plotly-3.0.0-rc.0.js HTTP/1.1" 200 10779558
INFO 2024-12-20 21:22:41,528 basehttp "GET /static/favicon.png HTTP/1.1" 200 6093
INFO 2024-12-20 21:26:07,042 basehttp "GET / HTTP/1.1" 200 1338041
INFO 2024-12-20 21:26:07,118 basehttp "GET /static/css/style.css HTTP/1.1" 200 9496
INFO 2024-12-20 21:26:07,120 basehttp "GET /static/css/flatpickr.css HTTP/1.1" 200 20981
INFO 2024-12-20 21:26:07,154 basehttp "GET /static/css/bootstrap.rtl.css HTTP/1.1" 200 280259
INFO 2024-12-20 21:26:07,235 basehttp "GET /static/pdfjs/build/pdf.mjs HTTP/1.1" 200 628531
INFO 2024-12-20 21:26:07,254 basehttp "GET /static/fonts/Shabwa-Medium.ttf HTTP/1.1" 200 51776
INFO 2024-12-20 21:26:07,264 basehttp "GET /static/fonts/Shabwa.ttf HTTP/1.1" 200 51148
INFO 2024-12-20 21:26:07,264 basehttp "GET /static/js/plotly-locale-ar.js HTTP/1.1" 200 1386
INFO 2024-12-20 21:26:07,291 basehttp "GET /static/js/details.js HTTP/1.1" 200 6618
INFO 2024-12-20 21:26:07,304 basehttp "GET /static/js/flatpickr.js HTTP/1.1" 200 89905
INFO 2024-12-20 21:26:07,322 basehttp "GET /static/js/bootstrap.bundle.js HTTP/1.1" 200 207819
INFO 2024-12-20 21:26:08,298 basehttp "GET /static/js/plotly-3.0.0-rc.0.js HTTP/1.1" 200 10779558
INFO 2024-12-20 21:26:09,371 basehttp "GET /static/favicon.png HTTP/1.1" 200 6093
INFO 2024-12-20 21:26:34,282 basehttp "GET /static/fonts/Shabwa-Bold.ttf HTTP/1.1" 200 49452
INFO 2024-12-20 21:26:42,668 views User user logged in successfully.
INFO 2024-12-20 21:26:42,673 basehttp "POST /login/ HTTP/1.1" 302 0
INFO 2024-12-20 21:26:42,920 basehttp "GET / HTTP/1.1" 200 1338557
INFO 2024-12-20 21:27:15,432 basehttp "GET / HTTP/1.1" 200 1338561
INFO 2024-12-20 21:27:52,521 basehttp "GET / HTTP/1.1" 200 1338586
INFO 2024-12-20 21:27:52,571 basehttp "GET /static/css/style.css HTTP/1.1" 200 9496
INFO 2024-12-20 21:27:52,573 basehttp "GET /static/css/flatpickr.css HTTP/1.1" 200 20981
INFO 2024-12-20 21:27:52,578 basehttp "GET /static/img/outgoing-mail.png HTTP/1.1" 200 27599
INFO 2024-12-20 21:27:52,587 basehttp "GET /static/img/incoming-mail.png HTTP/1.1" 200 27510
INFO 2024-12-20 21:27:52,593 basehttp "GET /static/img/internal-mail.png HTTP/1.1" 200 12268
INFO 2024-12-20 21:27:52,601 basehttp "GET /static/img/decrees.png HTTP/1.1" 200 15258
INFO 2024-12-20 21:27:52,604 basehttp "GET /static/img/report.png HTTP/1.1" 200 15471
INFO 2024-12-20 21:27:52,642 basehttp "GET /static/js/plotly-locale-ar.js HTTP/1.1" 200 1386
INFO 2024-12-20 21:27:52,670 basehttp "GET /static/js/flatpickr.js HTTP/1.1" 200 89905
INFO 2024-12-20 21:27:52,675 basehttp "GET /static/js/details.js HTTP/1.1" 200 6618
INFO 2024-12-20 21:27:52,680 basehttp "GET /static/css/bootstrap.rtl.css HTTP/1.1" 200 280259
INFO 2024-12-20 21:27:52,697 basehttp "GET /static/js/bootstrap.bundle.js HTTP/1.1" 200 207819
INFO 2024-12-20 21:27:52,747 basehttp "GET /static/fonts/Shabwa.ttf HTTP/1.1" 200 51148
INFO 2024-12-20 21:27:52,747 basehttp "GET /static/fonts/Shabwa-Medium.ttf HTTP/1.1" 200 51776
INFO 2024-12-20 21:27:52,777 basehttp "GET /static/pdfjs/build/pdf.mjs HTTP/1.1" 200 628531
INFO 2024-12-20 21:27:53,652 basehttp "GET /static/js/plotly-3.0.0-rc.0.js HTTP/1.1" 200 10779558
INFO 2024-12-20 21:27:53,792 basehttp "GET /static/favicon.png HTTP/1.1" 200 6093
INFO 2024-12-20 21:28:09,070 basehttp "GET / HTTP/1.1" 200 1338564
INFO 2024-12-20 21:28:09,131 basehttp "GET /static/css/style.css HTTP/1.1" 200 9496
INFO 2024-12-20 21:28:09,134 basehttp "GET /static/css/flatpickr.css HTTP/1.1" 200 20981
INFO 2024-12-20 21:28:09,142 basehttp "GET /static/img/outgoing-mail.png HTTP/1.1" 200 27599
INFO 2024-12-20 21:28:09,145 basehttp "GET /static/img/incoming-mail.png HTTP/1.1" 200 27510
INFO 2024-12-20 21:28:09,193 basehttp "GET /static/img/internal-mail.png HTTP/1.1" 200 12268
INFO 2024-12-20 21:28:09,199 basehttp "GET /static/img/report.png HTTP/1.1" 200 15471
INFO 2024-12-20 21:28:09,202 basehttp "GET /static/img/decrees.png HTTP/1.1" 200 15258
INFO 2024-12-20 21:28:09,221 basehttp "GET /static/js/plotly-locale-ar.js HTTP/1.1" 200 1386
INFO 2024-12-20 21:28:09,222 basehttp "GET /static/css/bootstrap.rtl.css HTTP/1.1" 200 280259
INFO 2024-12-20 21:28:09,248 basehttp "GET /static/js/details.js HTTP/1.1" 200 6618
INFO 2024-12-20 21:28:09,252 basehttp "GET /static/js/flatpickr.js HTTP/1.1" 200 89905
INFO 2024-12-20 21:28:09,271 basehttp "GET /static/js/bootstrap.bundle.js HTTP/1.1" 200 207819
INFO 2024-12-20 21:28:09,324 basehttp "GET /static/pdfjs/build/pdf.mjs HTTP/1.1" 200 628531
INFO 2024-12-20 21:28:09,415 basehttp "GET /static/fonts/Shabwa.ttf HTTP/1.1" 200 51148
INFO 2024-12-20 21:28:09,417 basehttp "GET /static/fonts/Shabwa-Medium.ttf HTTP/1.1" 200 51776
INFO 2024-12-20 21:28:10,233 basehttp "GET /static/js/plotly-3.0.0-rc.0.js HTTP/1.1" 200 10779558
INFO 2024-12-20 21:28:10,351 basehttp "GET /static/favicon.png HTTP/1.1" 200 6093
INFO 2024-12-20 21:28:11,708 basehttp "GET / HTTP/1.1" 200 1338495
INFO 2024-12-20 21:28:11,794 basehttp "GET /static/css/style.css HTTP/1.1" 200 9496
INFO 2024-12-20 21:28:11,795 basehttp "GET /static/img/internal-mail.png HTTP/1.1" 200 12268
INFO 2024-12-20 21:28:11,796 basehttp "GET /static/css/flatpickr.css HTTP/1.1" 200 20981
INFO 2024-12-20 21:28:11,800 basehttp "GET /static/img/outgoing-mail.png HTTP/1.1" 200 27599
INFO 2024-12-20 21:28:11,800 basehttp "GET /static/img/incoming-mail.png HTTP/1.1" 200 27510
INFO 2024-12-20 21:28:11,831 basehttp "GET /static/img/report.png HTTP/1.1" 200 15471
INFO 2024-12-20 21:28:11,831 basehttp "GET /static/js/plotly-locale-ar.js HTTP/1.1" 200 1386
INFO 2024-12-20 21:28:11,831 basehttp "GET /static/img/decrees.png HTTP/1.1" 200 15258
INFO 2024-12-20 21:28:11,864 basehttp "GET /static/js/details.js HTTP/1.1" 200 6618
INFO 2024-12-20 21:28:11,876 basehttp "GET /static/css/bootstrap.rtl.css HTTP/1.1" 200 280259
INFO 2024-12-20 21:28:11,888 basehttp "GET /static/js/flatpickr.js HTTP/1.1" 200 89905
INFO 2024-12-20 21:28:11,909 basehttp "GET /static/js/bootstrap.bundle.js HTTP/1.1" 200 207819
INFO 2024-12-20 21:28:11,966 basehttp "GET /static/fonts/Shabwa-Medium.ttf HTTP/1.1" 200 51776
INFO 2024-12-20 21:28:11,973 basehttp "GET /static/fonts/Shabwa.ttf HTTP/1.1" 200 51148
INFO 2024-12-20 21:28:11,976 basehttp "GET /static/pdfjs/build/pdf.mjs HTTP/1.1" 200 628531
INFO 2024-12-20 21:28:12,785 basehttp "GET /static/js/plotly-3.0.0-rc.0.js HTTP/1.1" 200 10779558
INFO 2024-12-20 21:28:12,898 basehttp "GET /static/favicon.png HTTP/1.1" 200 6093
INFO 2024-12-20 21:28:26,192 basehttp "GET / HTTP/1.1" 200 1338507
INFO 2024-12-20 21:28:26,290 basehttp "GET /static/css/style.css HTTP/1.1" 200 9496
INFO 2024-12-20 21:28:26,292 basehttp "GET /static/img/internal-mail.png HTTP/1.1" 200 12268
INFO 2024-12-20 21:28:26,293 basehttp "GET /static/css/flatpickr.css HTTP/1.1" 200 20981
INFO 2024-12-20 21:28:26,298 basehttp "GET /static/img/outgoing-mail.png HTTP/1.1" 200 27599
INFO 2024-12-20 21:28:26,298 basehttp "GET /static/img/incoming-mail.png HTTP/1.1" 200 27510
INFO 2024-12-20 21:28:26,324 basehttp "GET /static/img/report.png HTTP/1.1" 200 15471
INFO 2024-12-20 21:28:26,325 basehttp "GET /static/img/decrees.png HTTP/1.1" 200 15258
INFO 2024-12-20 21:28:26,333 basehttp "GET /static/js/plotly-locale-ar.js HTTP/1.1" 200 1386
INFO 2024-12-20 21:28:26,351 basehttp "GET /static/css/bootstrap.rtl.css HTTP/1.1" 200 280259
INFO 2024-12-20 21:28:26,369 basehttp "GET /static/js/details.js HTTP/1.1" 200 6618
INFO 2024-12-20 21:28:26,385 basehttp "GET /static/js/flatpickr.js HTTP/1.1" 200 89905
INFO 2024-12-20 21:28:26,412 basehttp "GET /static/js/bootstrap.bundle.js HTTP/1.1" 200 207819
INFO 2024-12-20 21:28:26,463 basehttp "GET /static/fonts/Shabwa-Medium.ttf HTTP/1.1" 200 51776
INFO 2024-12-20 21:28:26,467 basehttp "GET /static/fonts/Shabwa.ttf HTTP/1.1" 200 51148
INFO 2024-12-20 21:28:26,497 basehttp "GET /static/pdfjs/build/pdf.mjs HTTP/1.1" 200 628531
INFO 2024-12-20 21:28:27,634 basehttp "GET /static/js/plotly-3.0.0-rc.0.js HTTP/1.1" 200 10779558
INFO 2024-12-20 21:28:27,778 basehttp "GET /static/favicon.png HTTP/1.1" 200 6093
INFO 2024-12-20 21:28:41,065 basehttp "GET / HTTP/1.1" 200 1338508
INFO 2024-12-20 21:28:41,149 basehttp "GET /static/css/style.css HTTP/1.1" 200 9496
INFO 2024-12-20 21:28:41,155 basehttp "GET /static/img/internal-mail.png HTTP/1.1" 200 12268
INFO 2024-12-20 21:28:41,156 basehttp "GET /static/css/flatpickr.css HTTP/1.1" 200 20981
INFO 2024-12-20 21:28:41,160 basehttp "GET /static/img/outgoing-mail.png HTTP/1.1" 200 27599
INFO 2024-12-20 21:28:41,161 basehttp "GET /static/img/incoming-mail.png HTTP/1.1" 200 27510
INFO 2024-12-20 21:28:41,174 basehttp "GET /static/img/decrees.png HTTP/1.1" 200 15258
INFO 2024-12-20 21:28:41,175 basehttp "GET /static/img/report.png HTTP/1.1" 200 15471
INFO 2024-12-20 21:28:41,186 basehttp "GET /static/js/plotly-locale-ar.js HTTP/1.1" 200 1386
INFO 2024-12-20 21:28:41,200 basehttp "GET /static/css/bootstrap.rtl.css HTTP/1.1" 200 280259
INFO 2024-12-20 21:28:41,213 basehttp "GET /static/js/details.js HTTP/1.1" 200 6618
INFO 2024-12-20 21:28:41,218 basehttp "GET /static/js/flatpickr.js HTTP/1.1" 200 89905
INFO 2024-12-20 21:28:41,246 basehttp "GET /static/js/bootstrap.bundle.js HTTP/1.1" 200 207819
INFO 2024-12-20 21:28:41,292 basehttp "GET /static/pdfjs/build/pdf.mjs HTTP/1.1" 200 628531
INFO 2024-12-20 21:28:41,376 basehttp "GET /static/fonts/Shabwa.ttf HTTP/1.1" 200 51148
INFO 2024-12-20 21:28:41,382 basehttp "GET /static/fonts/Shabwa-Medium.ttf HTTP/1.1" 200 51776
INFO 2024-12-20 21:28:42,125 basehttp "GET /static/js/plotly-3.0.0-rc.0.js HTTP/1.1" 200 10779558
INFO 2024-12-20 21:28:42,249 basehttp "GET /static/favicon.png HTTP/1.1" 200 6093
INFO 2024-12-20 21:28:53,438 basehttp "GET / HTTP/1.1" 200 1338557
INFO 2024-12-20 21:28:53,524 basehttp "GET /static/css/style.css HTTP/1.1" 200 9496
INFO 2024-12-20 21:28:53,537 basehttp "GET /static/css/flatpickr.css HTTP/1.1" 200 20981
INFO 2024-12-20 21:28:53,542 basehttp "GET /static/img/outgoing-mail.png HTTP/1.1" 200 27599
INFO 2024-12-20 21:28:53,544 basehttp "GET /static/img/incoming-mail.png HTTP/1.1" 200 27510
INFO 2024-12-20 21:28:53,560 basehttp "GET /static/img/decrees.png HTTP/1.1" 200 15258
INFO 2024-12-20 21:28:53,561 basehttp "GET /static/img/internal-mail.png HTTP/1.1" 200 12268
INFO 2024-12-20 21:28:53,573 basehttp "GET /static/img/report.png HTTP/1.1" 200 15471
INFO 2024-12-20 21:28:53,586 basehttp "GET /static/css/bootstrap.rtl.css HTTP/1.1" 200 280259
INFO 2024-12-20 21:28:53,592 basehttp "GET /static/js/plotly-locale-ar.js HTTP/1.1" 200 1386
INFO 2024-12-20 21:28:53,614 basehttp "GET /static/js/details.js HTTP/1.1" 200 6618
INFO 2024-12-20 21:28:53,616 basehttp "GET /static/js/flatpickr.js HTTP/1.1" 200 89905
INFO 2024-12-20 21:28:53,654 basehttp "GET /static/js/bootstrap.bundle.js HTTP/1.1" 200 207819
INFO 2024-12-20 21:28:53,723 basehttp "GET /static/pdfjs/build/pdf.mjs HTTP/1.1" 200 628531
INFO 2024-12-20 21:28:53,895 basehttp "GET /static/fonts/Shabwa-Medium.ttf HTTP/1.1" 200 51776
INFO 2024-12-20 21:28:53,898 basehttp "GET /static/fonts/Shabwa.ttf HTTP/1.1" 200 51148
INFO 2024-12-20 21:28:54,879 basehttp "GET /static/js/plotly-3.0.0-rc.0.js HTTP/1.1" 200 10779558
INFO 2024-12-20 21:28:55,013 basehttp "GET /static/favicon.png HTTP/1.1" 200 6093
INFO 2024-12-20 21:29:20,756 basehttp "GET / HTTP/1.1" 200 1338493
INFO 2024-12-20 21:29:20,844 basehttp "GET /static/css/style.css HTTP/1.1" 200 9496
INFO 2024-12-20 21:29:20,844 basehttp "GET /static/img/internal-mail.png HTTP/1.1" 200 12268
INFO 2024-12-20 21:29:20,847 basehttp "GET /static/css/flatpickr.css HTTP/1.1" 200 20981
INFO 2024-12-20 21:29:20,849 basehttp "GET /static/img/incoming-mail.png HTTP/1.1" 200 27510
INFO 2024-12-20 21:29:20,849 basehttp "GET /static/img/outgoing-mail.png HTTP/1.1" 200 27599
INFO 2024-12-20 21:29:20,872 basehttp "GET /static/img/decrees.png HTTP/1.1" 200 15258
INFO 2024-12-20 21:29:20,876 basehttp "GET /static/img/report.png HTTP/1.1" 200 15471
INFO 2024-12-20 21:29:20,876 basehttp "GET /static/js/plotly-locale-ar.js HTTP/1.1" 200 1386
INFO 2024-12-20 21:29:20,890 basehttp "GET /static/css/bootstrap.rtl.css HTTP/1.1" 200 280259
INFO 2024-12-20 21:29:20,904 basehttp "GET /static/js/details.js HTTP/1.1" 200 6618
INFO 2024-12-20 21:29:20,921 basehttp "GET /static/js/flatpickr.js HTTP/1.1" 200 89905
INFO 2024-12-20 21:29:20,940 basehttp "GET /static/js/bootstrap.bundle.js HTTP/1.1" 200 207819
INFO 2024-12-20 21:29:20,967 basehttp "GET /static/pdfjs/build/pdf.mjs HTTP/1.1" 200 628531
INFO 2024-12-20 21:29:21,010 basehttp "GET /static/fonts/Shabwa.ttf HTTP/1.1" 200 51148
INFO 2024-12-20 21:29:21,011 basehttp "GET /static/fonts/Shabwa-Medium.ttf HTTP/1.1" 200 51776
INFO 2024-12-20 21:29:21,774 basehttp "GET /static/js/plotly-3.0.0-rc.0.js HTTP/1.1" 200 10779558
INFO 2024-12-20 21:29:21,916 basehttp "GET /static/favicon.png HTTP/1.1" 200 6093
INFO 2024-12-20 21:41:14,838 basehttp "GET / HTTP/1.1" 200 1338561
INFO 2024-12-20 21:41:14,924 basehttp "GET /static/css/style.css HTTP/1.1" 200 9496
INFO 2024-12-20 21:41:14,925 basehttp "GET /static/css/flatpickr.css HTTP/1.1" 200 20981
INFO 2024-12-20 21:41:14,930 basehttp "GET /static/img/outgoing-mail.png HTTP/1.1" 200 27599
INFO 2024-12-20 21:41:14,932 basehttp "GET /static/img/incoming-mail.png HTTP/1.1" 200 27510
INFO 2024-12-20 21:41:14,939 basehttp "GET /static/img/internal-mail.png HTTP/1.1" 200 12268
INFO 2024-12-20 21:41:14,955 basehttp "GET /static/img/decrees.png HTTP/1.1" 200 15258
INFO 2024-12-20 21:41:14,959 basehttp "GET /static/img/report.png HTTP/1.1" 200 15471
INFO 2024-12-20 21:41:14,967 basehttp "GET /static/js/plotly-locale-ar.js HTTP/1.1" 200 1386
INFO 2024-12-20 21:41:14,978 basehttp "GET /static/css/bootstrap.rtl.css HTTP/1.1" 200 280259
INFO 2024-12-20 21:41:14,994 basehttp "GET /static/js/details.js HTTP/1.1" 200 6618
INFO 2024-12-20 21:41:15,007 basehttp "GET /static/js/flatpickr.js HTTP/1.1" 200 89905
INFO 2024-12-20 21:41:15,033 basehttp "GET /static/js/bootstrap.bundle.js HTTP/1.1" 200 207819
INFO 2024-12-20 21:41:15,066 basehttp "GET /static/pdfjs/build/pdf.mjs HTTP/1.1" 200 628531
INFO 2024-12-20 21:41:15,759 basehttp "GET /static/fonts/Shabwa-Medium.ttf HTTP/1.1" 200 51776
INFO 2024-12-20 21:41:15,763 basehttp "GET /static/fonts/Shabwa.ttf HTTP/1.1" 200 51148
INFO 2024-12-20 21:41:16,015 basehttp "GET /static/js/plotly-3.0.0-rc.0.js HTTP/1.1" 200 10779558
INFO 2024-12-20 21:41:16,586 basehttp "GET /static/favicon.png HTTP/1.1" 200 6093
INFO 2024-12-20 21:41:25,736 views Submitted Query: 
INFO 2024-12-20 21:41:25,740 views Returned 0 documents for model 'outgoing'.
INFO 2024-12-20 21:41:25,761 basehttp "GET /documents/outgoing/ HTTP/1.1" 200 3365
INFO 2024-12-20 21:41:25,854 basehttp "GET /static/fonts/Shabwa-Bold.ttf HTTP/1.1" 200 49452
INFO 2024-12-20 21:41:28,175 views Submitted Query: 
INFO 2024-12-20 21:41:28,178 views Returned 0 documents for model 'incoming'.
INFO 2024-12-20 21:41:28,185 basehttp "GET /documents/incoming/ HTTP/1.1" 200 3407
INFO 2024-12-20 21:41:29,596 views Submitted Query: 
INFO 2024-12-20 21:41:29,598 views Returned 0 documents for model 'internal'.
INFO 2024-12-20 21:41:29,604 basehttp "GET /documents/internal/ HTTP/1.1" 200 3313
INFO 2024-12-20 21:41:30,829 views Submitted Query: 
INFO 2024-12-20 21:41:30,833 views Returned 0 documents for model 'decree'.
INFO 2024-12-20 21:41:30,838 basehttp "GET /documents/decree/ HTTP/1.1" 200 3386
INFO 2024-12-20 21:41:31,894 views Submitted Query: 
INFO 2024-12-20 21:41:31,897 views Returned 0 documents for model 'outgoing'.
INFO 2024-12-20 21:41:31,903 basehttp "GET /documents/outgoing/ HTTP/1.1" 200 3385
INFO 2024-12-20 21:41:34,470 basehttp "GET / HTTP/1.1" 200 1338509
INFO 2024-12-20 21:43:28,033 basehttp "POST /logout/ HTTP/1.1" 302 0
INFO 2024-12-20 21:43:28,282 basehttp "GET / HTTP/1.1" 200 1338028
INFO 2024-12-20 21:43:41,986 views User admin logged in successfully.
INFO 2024-12-20 21:43:41,991 basehttp "POST /login/ HTTP/1.1" 302 0
INFO 2024-12-20 21:43:42,073 basehttp "GET / HTTP/1.1" 302 0
INFO 2024-12-20 21:43:42,171 basehttp "GET /admin/ HTTP/1.1" 200 2305
INFO 2024-12-20 21:43:42,378 basehttp "GET /favicon.ico/ HTTP/1.1" 302 0
INFO 2024-12-20 21:43:42,407 basehttp "GET /admin/ HTTP/1.1" 200 2304
INFO 2024-12-20 21:43:59,271 basehttp "GET /admin/auth/group/ HTTP/1.1" 200 2765
INFO 2024-12-20 21:43:59,379 basehttp "GET /admin/jsi18n/ HTTP/1.1" 200 2917
INFO 2024-12-20 21:43:59,467 basehttp "GET /favicon.ico/ HTTP/1.1" 302 0
INFO 2024-12-20 21:43:59,496 basehttp "GET /admin/ HTTP/1.1" 200 2354
INFO 2024-12-20 21:44:01,562 basehttp "GET /admin/auth/group/add/ HTTP/1.1" 200 3787
INFO 2024-12-20 21:44:01,638 basehttp "GET /admin/jsi18n/ HTTP/1.1" 200 2867
INFO 2024-12-20 21:44:01,769 basehttp "GET /favicon.ico/ HTTP/1.1" 302 0
INFO 2024-12-20 21:44:01,801 basehttp "GET /admin/ HTTP/1.1" 200 2339
INFO 2024-12-20 21:45:24,728 basehttp "POST /admin/auth/group/add/ HTTP/1.1" 302 0
INFO 2024-12-20 21:45:24,774 basehttp "GET /admin/auth/group/ HTTP/1.1" 200 3177
INFO 2024-12-20 21:45:24,829 basehttp "GET /admin/jsi18n/ HTTP/1.1" 200 2912
INFO 2024-12-20 21:45:24,923 basehttp "GET /favicon.ico/ HTTP/1.1" 302 0
INFO 2024-12-20 21:45:24,953 basehttp "GET /admin/ HTTP/1.1" 200 2364
INFO 2024-12-20 21:45:28,538 basehttp "POST /admin/logout/ HTTP/1.1" 302 0
INFO 2024-12-20 21:45:28,778 basehttp "GET / HTTP/1.1" 200 1338018
INFO 2024-12-20 21:45:40,636 views User user logged in successfully.
INFO 2024-12-20 21:45:40,640 basehttp "POST /login/ HTTP/1.1" 302 0
INFO 2024-12-20 21:45:40,915 basehttp "GET / HTTP/1.1" 200 1338576
INFO 2024-12-20 21:45:52,309 basehttp "GET / HTTP/1.1" 200 1338504
INFO 2024-12-20 21:45:52,399 basehttp "GET /static/css/style.css HTTP/1.1" 200 9496
INFO 2024-12-20 21:45:52,403 basehttp "GET /static/img/internal-mail.png HTTP/1.1" 200 12268
INFO 2024-12-20 21:45:52,404 basehttp "GET /static/css/flatpickr.css HTTP/1.1" 200 20981
INFO 2024-12-20 21:45:52,407 basehttp "GET /static/img/outgoing-mail.png HTTP/1.1" 200 27599
INFO 2024-12-20 21:45:52,409 basehttp "GET /static/img/incoming-mail.png HTTP/1.1" 200 27510
INFO 2024-12-20 21:45:52,428 basehttp "GET /static/img/decrees.png HTTP/1.1" 200 15258
INFO 2024-12-20 21:45:52,437 basehttp "GET /static/img/report.png HTTP/1.1" 200 15471
INFO 2024-12-20 21:45:52,451 basehttp "GET /static/js/plotly-locale-ar.js HTTP/1.1" 200 1386
INFO 2024-12-20 21:45:52,468 basehttp "GET /static/css/bootstrap.rtl.css HTTP/1.1" 200 280259
INFO 2024-12-20 21:45:52,481 basehttp "GET /static/js/flatpickr.js HTTP/1.1" 200 89905
INFO 2024-12-20 21:45:52,485 basehttp "GET /static/js/details.js HTTP/1.1" 200 6618
INFO 2024-12-20 21:45:52,517 basehttp "GET /static/js/bootstrap.bundle.js HTTP/1.1" 200 207819
INFO 2024-12-20 21:45:52,550 basehttp "GET /static/pdfjs/build/pdf.mjs HTTP/1.1" 200 628531
INFO 2024-12-20 21:45:52,581 basehttp "GET /static/fonts/Shabwa.ttf HTTP/1.1" 200 51148
INFO 2024-12-20 21:45:52,583 basehttp "GET /static/fonts/Shabwa-Medium.ttf HTTP/1.1" 200 51776
INFO 2024-12-20 21:45:53,356 basehttp "GET /static/js/plotly-3.0.0-rc.0.js HTTP/1.1" 200 10779558
INFO 2024-12-20 21:45:53,514 basehttp "GET /static/favicon.png HTTP/1.1" 200 6093
INFO 2024-12-20 21:46:55,401 basehttp "POST /logout/ HTTP/1.1" 302 0
INFO 2024-12-20 21:46:55,650 basehttp "GET / HTTP/1.1" 200 1337982
INFO 2024-12-20 21:47:04,174 views User admin logged in successfully.
INFO 2024-12-20 21:47:04,178 basehttp "POST /login/ HTTP/1.1" 302 0
INFO 2024-12-20 21:47:04,249 basehttp "GET / HTTP/1.1" 302 0
INFO 2024-12-20 21:47:04,329 basehttp "GET /admin/ HTTP/1.1" 200 2371
INFO 2024-12-20 21:47:04,519 basehttp "GET /favicon.ico/ HTTP/1.1" 302 0
INFO 2024-12-20 21:47:04,552 basehttp "GET /admin/ HTTP/1.1" 200 2300
INFO 2024-12-20 21:47:10,007 basehttp "GET /admin/auth/group/ HTTP/1.1" 200 3124
INFO 2024-12-20 21:47:10,101 basehttp "GET /admin/jsi18n/ HTTP/1.1" 200 2880
INFO 2024-12-20 21:47:10,183 basehttp "GET /favicon.ico/ HTTP/1.1" 302 0
INFO 2024-12-20 21:47:10,215 basehttp "GET /admin/ HTTP/1.1" 200 2319
INFO 2024-12-20 21:47:13,626 basehttp "GET /admin/auth/group/1/change/ HTTP/1.1" 200 3893
INFO 2024-12-20 21:47:13,707 basehttp "GET /admin/jsi18n/ HTTP/1.1" 200 2887
INFO 2024-12-20 21:47:13,826 basehttp "GET /favicon.ico/ HTTP/1.1" 302 0
INFO 2024-12-20 21:47:13,860 basehttp "GET /admin/ HTTP/1.1" 200 2384
INFO 2024-12-20 21:47:22,096 basehttp "GET /admin/auth/user/ HTTP/1.1" 200 3719
INFO 2024-12-20 21:47:22,168 basehttp "GET /admin/jsi18n/ HTTP/1.1" 200 2860
INFO 2024-12-20 21:47:22,268 basehttp "GET /favicon.ico/ HTTP/1.1" 302 0
INFO 2024-12-20 21:47:22,300 basehttp "GET /admin/ HTTP/1.1" 200 2294
INFO 2024-12-20 21:47:31,583 basehttp "GET /admin/auth/user/2/change/ HTTP/1.1" 200 5237
INFO 2024-12-20 21:47:31,643 basehttp "GET /admin/jsi18n/ HTTP/1.1" 200 2890
INFO 2024-12-20 21:47:31,778 basehttp "GET /favicon.ico/ HTTP/1.1" 302 0
INFO 2024-12-20 21:47:31,808 basehttp "GET /admin/ HTTP/1.1" 200 2292
INFO 2024-12-20 21:47:44,455 basehttp "POST /admin/auth/user/2/change/ HTTP/1.1" 302 0
INFO 2024-12-20 21:47:44,494 basehttp "GET /admin/auth/user/ HTTP/1.1" 200 3798
INFO 2024-12-20 21:47:44,563 basehttp "GET /admin/jsi18n/ HTTP/1.1" 200 2870
INFO 2024-12-20 21:47:44,653 basehttp "GET /favicon.ico/ HTTP/1.1" 302 0
INFO 2024-12-20 21:47:44,682 basehttp "GET /admin/ HTTP/1.1" 200 2308
INFO 2024-12-20 21:47:48,804 basehttp "POST /admin/logout/ HTTP/1.1" 302 0
INFO 2024-12-20 21:47:49,048 basehttp "GET / HTTP/1.1" 200 1338056
INFO 2024-12-20 21:48:01,582 views User user logged in successfully.
INFO 2024-12-20 21:48:01,587 basehttp "POST /login/ HTTP/1.1" 302 0
INFO 2024-12-20 21:48:01,890 basehttp "GET / HTTP/1.1" 200 1338608
INFO 2024-12-20 21:48:12,339 basehttp "GET /manage/departments/ HTTP/1.1" 200 2638
INFO 2024-12-20 21:48:15,509 basehttp "GET /manage/affiliates/ HTTP/1.1" 200 2595
INFO 2024-12-20 21:48:16,680 basehttp "GET /manage/ministers/ HTTP/1.1" 200 2656
INFO 2024-12-20 21:48:17,458 basehttp "GET /manage/governments/ HTTP/1.1" 200 2670
INFO 2024-12-20 21:48:18,904 views Submitted Query: 
INFO 2024-12-20 21:48:18,906 views Returned 0 documents for model 'outgoing'.
INFO 2024-12-20 21:48:18,911 basehttp "GET /documents/outgoing/ HTTP/1.1" 200 3337
INFO 2024-12-20 21:48:30,396 basehttp "GET /manage/departments/ HTTP/1.1" 200 2671
INFO 2024-12-20 21:48:32,502 views Submitted Query: 
INFO 2024-12-20 21:48:32,505 views Returned 0 documents for model 'report'.
INFO 2024-12-20 21:48:32,513 basehttp "GET /documents/report/ HTTP/1.1" 200 3372
INFO 2024-12-20 21:48:33,475 views Submitted Query: 
INFO 2024-12-20 21:48:33,477 views Returned 0 documents for model 'decree'.
INFO 2024-12-20 21:48:33,482 basehttp "GET /documents/decree/ HTTP/1.1" 200 3349
INFO 2024-12-20 21:48:34,167 views Submitted Query: 
INFO 2024-12-20 21:48:34,169 views Returned 0 documents for model 'internal'.
INFO 2024-12-20 21:48:34,177 basehttp "GET /documents/internal/ HTTP/1.1" 200 3377
INFO 2024-12-20 21:48:34,832 views Submitted Query: 
INFO 2024-12-20 21:48:34,834 views Returned 0 documents for model 'incoming'.
INFO 2024-12-20 21:48:34,841 basehttp "GET /documents/incoming/ HTTP/1.1" 200 3417
INFO 2024-12-20 21:48:35,506 views Submitted Query: 
INFO 2024-12-20 21:48:35,508 views Returned 0 documents for model 'outgoing'.
INFO 2024-12-20 21:48:35,514 basehttp "GET /documents/outgoing/ HTTP/1.1" 200 3391
INFO 2024-12-20 21:51:28,678 views Submitted Query: 
INFO 2024-12-20 21:51:28,681 views Returned 0 documents for model 'outgoing'.
INFO 2024-12-20 21:51:28,690 basehttp "GET /documents/outgoing/?sort=number&order=asc HTTP/1.1" 200 3425
INFO 2024-12-20 21:51:43,984 basehttp "GET /documents/outgoing/add/ HTTP/1.1" 200 2727
INFO 2024-12-20 21:52:08,079 basehttp "GET /manage/departments/ HTTP/1.1" 200 2609
INFO 2024-12-20 21:52:20,799 basehttp "POST /manage/departments/ HTTP/1.1" 302 0
INFO 2024-12-20 21:52:20,844 basehttp "GET /manage/departments/ HTTP/1.1" 200 2734
INFO 2024-12-20 21:52:26,688 basehttp "POST /manage/departments/ HTTP/1.1" 302 0
INFO 2024-12-20 21:52:26,723 basehttp "GET /manage/departments/ HTTP/1.1" 200 2752
INFO 2024-12-20 21:52:33,510 basehttp "POST /manage/departments/ HTTP/1.1" 302 0
INFO 2024-12-20 21:52:33,547 basehttp "GET /manage/departments/ HTTP/1.1" 200 2869
INFO 2024-12-20 21:52:38,597 basehttp "POST /manage/departments/ HTTP/1.1" 302 0
INFO 2024-12-20 21:52:38,642 basehttp "GET /manage/departments/ HTTP/1.1" 200 2878
INFO 2024-12-20 21:52:52,736 basehttp "POST /manage/departments/ HTTP/1.1" 302 0
INFO 2024-12-20 21:52:52,775 basehttp "GET /manage/departments/ HTTP/1.1" 200 2939
INFO 2024-12-20 21:52:59,901 basehttp "POST /manage/departments/ HTTP/1.1" 302 0
INFO 2024-12-20 21:52:59,941 basehttp "GET /manage/departments/ HTTP/1.1" 200 2924
INFO 2024-12-20 21:53:31,148 basehttp "GET /manage/affiliates/ HTTP/1.1" 200 2598
INFO 2024-12-20 21:53:38,114 basehttp "POST /manage/affiliates/ HTTP/1.1" 302 0
INFO 2024-12-20 21:53:38,151 basehttp "GET /manage/affiliates/ HTTP/1.1" 200 2770
INFO 2024-12-20 21:53:45,749 basehttp "POST /manage/affiliates/ HTTP/1.1" 302 0
INFO 2024-12-20 21:53:45,785 basehttp "GET /manage/affiliates/ HTTP/1.1" 200 2843
INFO 2024-12-20 21:53:48,909 basehttp "GET /manage/affiliates/?id=2 HTTP/1.1" 200 2822
INFO 2024-12-20 21:53:56,012 basehttp "POST /manage/affiliates/?id=2 HTTP/1.1" 302 0
INFO 2024-12-20 21:53:56,053 basehttp "GET /manage/affiliates/ HTTP/1.1" 200 2791
INFO 2024-12-20 21:54:09,634 basehttp "POST /manage/affiliates/ HTTP/1.1" 302 0
INFO 2024-12-20 21:54:09,672 basehttp "GET /manage/affiliates/ HTTP/1.1" 200 2878
INFO 2024-12-20 21:54:21,386 basehttp "POST /manage/affiliates/ HTTP/1.1" 302 0
INFO 2024-12-20 21:54:21,423 basehttp "GET /manage/affiliates/ HTTP/1.1" 200 2924
INFO 2024-12-20 21:54:32,555 basehttp "POST /manage/affiliates/ HTTP/1.1" 302 0
INFO 2024-12-20 21:54:32,593 basehttp "GET /manage/affiliates/ HTTP/1.1" 200 2910
INFO 2024-12-20 21:54:40,001 basehttp "POST /manage/affiliates/ HTTP/1.1" 302 0
INFO 2024-12-20 21:54:40,041 basehttp "GET /manage/affiliates/ HTTP/1.1" 200 2971
INFO 2024-12-20 21:55:10,908 basehttp "POST /manage/affiliates/ HTTP/1.1" 302 0
INFO 2024-12-20 21:55:10,950 basehttp "GET /manage/affiliates/ HTTP/1.1" 200 3018
INFO 2024-12-20 21:55:14,794 basehttp "POST /manage/affiliates/ HTTP/1.1" 302 0
INFO 2024-12-20 21:55:14,834 basehttp "GET /manage/affiliates/ HTTP/1.1" 200 3065
INFO 2024-12-20 21:55:21,098 basehttp "POST /manage/affiliates/ HTTP/1.1" 302 0
INFO 2024-12-20 21:55:21,136 basehttp "GET /manage/affiliates/ HTTP/1.1" 200 3104
INFO 2024-12-20 21:55:30,862 basehttp "POST /manage/affiliates/ HTTP/1.1" 302 0
INFO 2024-12-20 21:55:30,904 basehttp "GET /manage/affiliates/ HTTP/1.1" 200 3128
INFO 2024-12-20 21:55:47,613 basehttp "GET /manage/departments/ HTTP/1.1" 200 2935
INFO 2024-12-20 21:55:49,112 basehttp "GET /manage/affiliates/ HTTP/1.1" 200 3156
INFO 2024-12-20 21:55:55,655 basehttp "POST /manage/affiliates/ HTTP/1.1" 302 0
INFO 2024-12-20 21:55:55,695 basehttp "GET /manage/affiliates/ HTTP/1.1" 200 3192
INFO 2024-12-20 21:58:27,368 autoreload Watching for file changes with StatReloader
INFO 2024-12-20 21:58:41,263 autoreload /workspaces/mail_archive/documents/models.py changed, reloading.
INFO 2024-12-20 21:58:42,563 autoreload Watching for file changes with StatReloader
INFO 2024-12-20 21:59:53,686 autoreload /workspaces/mail_archive/documents/models.py changed, reloading.
INFO 2024-12-20 22:01:13,585 autoreload Watching for file changes with StatReloader
INFO 2024-12-20 22:01:17,391 basehttp "GET /manage/affiliates/ HTTP/1.1" 200 3165
INFO 2024-12-20 22:01:17,490 basehttp "GET /static/css/flatpickr.css HTTP/1.1" 200 20981
INFO 2024-12-20 22:01:17,492 basehttp "GET /static/css/style.css HTTP/1.1" 200 9496
INFO 2024-12-20 22:01:17,501 basehttp "GET /static/img/outgoing-mail.png HTTP/1.1" 200 27599
INFO 2024-12-20 22:01:17,502 basehttp "GET /static/img/incoming-mail.png HTTP/1.1" 200 27510
INFO 2024-12-20 22:01:17,519 basehttp "GET /static/img/internal-mail.png HTTP/1.1" 200 12268
INFO 2024-12-20 22:01:17,520 basehttp "GET /static/img/decrees.png HTTP/1.1" 200 15258
INFO 2024-12-20 22:01:17,534 basehttp "GET /static/img/report.png HTTP/1.1" 200 15471
INFO 2024-12-20 22:01:17,538 basehttp "GET /static/css/bootstrap.rtl.css HTTP/1.1" 200 280259
INFO 2024-12-20 22:01:17,551 basehttp "GET /static/js/details.js HTTP/1.1" 200 6618
INFO 2024-12-20 22:01:17,558 basehttp "GET /static/js/flatpickr.js HTTP/1.1" 200 89905
INFO 2024-12-20 22:01:17,568 basehttp "GET /static/img/settings.png HTTP/1.1" 200 21053
INFO 2024-12-20 22:01:17,580 basehttp "GET /static/js/bootstrap.bundle.js HTTP/1.1" 200 207819
INFO 2024-12-20 22:01:17,606 basehttp "GET /static/pdfjs/build/pdf.mjs HTTP/1.1" 200 628531
INFO 2024-12-20 22:01:17,781 basehttp "GET /static/fonts/Shabwa-Bold.ttf HTTP/1.1" 200 49452
INFO 2024-12-20 22:01:17,782 basehttp "GET /static/fonts/Shabwa.ttf HTTP/1.1" 200 51148
INFO 2024-12-20 22:01:17,784 basehttp "GET /static/fonts/Shabwa-Medium.ttf HTTP/1.1" 200 51776
INFO 2024-12-20 22:01:18,587 basehttp "GET /static/favicon.png HTTP/1.1" 200 6093
INFO 2024-12-20 22:01:35,608 basehttp "POST /manage/affiliates/ HTTP/1.1" 302 0
INFO 2024-12-20 22:01:35,650 basehttp "GET /manage/affiliates/ HTTP/1.1" 200 3164
INFO 2024-12-20 22:01:45,099 basehttp "POST /manage/affiliates/ HTTP/1.1" 302 0
INFO 2024-12-20 22:01:45,142 basehttp "GET /manage/affiliates/ HTTP/1.1" 200 3148
INFO 2024-12-20 22:01:48,641 basehttp "GET /manage/departments/ HTTP/1.1" 200 2891
INFO 2024-12-20 22:01:57,937 basehttp "POST /manage/departments/ HTTP/1.1" 302 0
INFO 2024-12-20 22:01:57,984 basehttp "GET /manage/departments/ HTTP/1.1" 200 3018
INFO 2024-12-20 22:02:07,872 basehttp "GET /manage/departments/?id=2 HTTP/1.1" 200 2986
INFO 2024-12-20 22:02:11,879 basehttp "POST /manage/departments/?id=2 HTTP/1.1" 302 0
INFO 2024-12-20 22:02:11,919 basehttp "GET /manage/departments/ HTTP/1.1" 200 2953
INFO 2024-12-20 22:02:35,547 basehttp "POST /manage/departments/ HTTP/1.1" 302 0
INFO 2024-12-20 22:02:35,595 basehttp "GET /manage/departments/ HTTP/1.1" 200 3046
INFO 2024-12-20 22:02:43,751 basehttp "POST /manage/departments/ HTTP/1.1" 302 0
INFO 2024-12-20 22:02:43,791 basehttp "GET /manage/departments/ HTTP/1.1" 200 3051
INFO 2024-12-20 22:03:14,713 basehttp "POST /manage/departments/ HTTP/1.1" 302 0
INFO 2024-12-20 22:03:14,751 basehttp "GET /manage/departments/ HTTP/1.1" 200 3096
INFO 2024-12-20 22:03:38,275 basehttp "GET /manage/affiliates/ HTTP/1.1" 200 3159
INFO 2024-12-20 22:03:39,648 basehttp "GET /manage/ministers/ HTTP/1.1" 200 2714
INFO 2024-12-20 22:03:40,751 basehttp "GET /manage/affiliates/ HTTP/1.1" 200 3212
INFO 2024-12-20 22:03:41,776 basehttp "GET /manage/ministers/ HTTP/1.1" 200 2651
INFO 2024-12-20 22:03:46,946 basehttp "POST /manage/ministers/ HTTP/1.1" 200 2756
INFO 2024-12-20 22:03:50,097 basehttp "GET /manage/governments/ HTTP/1.1" 200 2649
INFO 2024-12-20 22:04:05,300 basehttp "POST /manage/governments/ HTTP/1.1" 302 0
INFO 2024-12-20 22:04:05,336 basehttp "GET /manage/governments/ HTTP/1.1" 200 2768
INFO 2024-12-20 22:04:13,875 basehttp "POST /manage/governments/ HTTP/1.1" 302 0
INFO 2024-12-20 22:04:13,918 basehttp "GET /manage/governments/ HTTP/1.1" 200 2835
INFO 2024-12-20 22:04:17,954 basehttp "POST /manage/governments/ HTTP/1.1" 302 0
INFO 2024-12-20 22:04:17,995 basehttp "GET /manage/governments/ HTTP/1.1" 200 2884
INFO 2024-12-20 22:04:21,881 basehttp "POST /manage/governments/ HTTP/1.1" 302 0
INFO 2024-12-20 22:04:21,916 basehttp "GET /manage/governments/ HTTP/1.1" 200 2887
INFO 2024-12-20 22:04:28,835 basehttp "POST /manage/governments/ HTTP/1.1" 302 0
INFO 2024-12-20 22:04:28,873 basehttp "GET /manage/governments/ HTTP/1.1" 200 2960
INFO 2024-12-20 22:04:36,647 basehttp "GET /manage/ministers/ HTTP/1.1" 200 2895
INFO 2024-12-20 22:04:47,518 basehttp "POST /manage/ministers/ HTTP/1.1" 302 0
INFO 2024-12-20 22:04:47,584 basehttp "GET /manage/ministers/ HTTP/1.1" 200 3090
INFO 2024-12-20 22:05:42,286 basehttp "POST /manage/ministers/ HTTP/1.1" 302 0
INFO 2024-12-20 22:05:42,358 basehttp "GET /manage/ministers/ HTTP/1.1" 200 3153
INFO 2024-12-20 22:05:53,740 basehttp "POST /manage/ministers/ HTTP/1.1" 302 0
INFO 2024-12-20 22:05:53,838 basehttp "GET /manage/ministers/ HTTP/1.1" 200 3192
INFO 2024-12-20 22:06:09,895 basehttp "POST /manage/ministers/ HTTP/1.1" 302 0
INFO 2024-12-20 22:06:10,008 basehttp "GET /manage/ministers/ HTTP/1.1" 200 3248
INFO 2024-12-20 22:06:12,662 basehttp "GET /manage/affiliates/ HTTP/1.1" 200 3140
INFO 2024-12-20 22:06:15,493 basehttp "GET /manage/departments/ HTTP/1.1" 200 3123
INFO 2024-12-20 22:06:18,771 basehttp "GET /manage/ministers/ HTTP/1.1" 200 3239
INFO 2024-12-20 22:06:20,889 basehttp "GET /manage/ministers/?id=3 HTTP/1.1" 200 3231
INFO 2024-12-20 22:06:23,008 basehttp "GET /manage/departments/ HTTP/1.1" 200 3110
INFO 2024-12-20 22:06:24,569 basehttp "GET /manage/ministers/ HTTP/1.1" 200 3251
INFO 2024-12-20 22:06:32,321 basehttp "GET /manage/departments/ HTTP/1.1" 200 3136
INFO 2024-12-20 22:06:36,335 basehttp "GET /manage/affiliates/ HTTP/1.1" 200 3133
INFO 2024-12-20 22:06:37,196 basehttp "GET /manage/ministers/ HTTP/1.1" 200 3312
INFO 2024-12-20 22:06:37,750 basehttp "GET /manage/governments/ HTTP/1.1" 200 2937
INFO 2024-12-20 22:06:39,478 basehttp "GET /manage/departments/ HTTP/1.1" 200 3082
INFO 2024-12-20 22:06:40,812 views Submitted Query: 
INFO 2024-12-20 22:06:40,815 views Returned 0 documents for model 'report'.
INFO 2024-12-20 22:06:40,830 basehttp "GET /documents/report/ HTTP/1.1" 200 3383
INFO 2024-12-20 22:06:41,915 views Submitted Query: 
INFO 2024-12-20 22:06:41,918 views Returned 0 documents for model 'internal'.
INFO 2024-12-20 22:06:41,924 basehttp "GET /documents/internal/ HTTP/1.1" 200 3339
INFO 2024-12-20 22:06:42,904 views Submitted Query: 
INFO 2024-12-20 22:06:42,908 views Returned 0 documents for model 'incoming'.
INFO 2024-12-20 22:06:42,913 basehttp "GET /documents/incoming/ HTTP/1.1" 200 3375
INFO 2024-12-20 22:06:43,700 views Submitted Query: 
INFO 2024-12-20 22:06:43,703 views Returned 0 documents for model 'outgoing'.
INFO 2024-12-20 22:06:43,709 basehttp "GET /documents/outgoing/ HTTP/1.1" 200 3382
INFO 2024-12-20 22:09:50,883 basehttp "GET /manage/departments/ HTTP/1.1" 200 3129
INFO 2024-12-20 22:09:52,389 basehttp "GET /manage/ministers/ HTTP/1.1" 200 3253
INFO 2024-12-20 22:12:54,619 autoreload /workspaces/mail_archive/documents/forms.py changed, reloading.
INFO 2024-12-20 22:12:56,022 autoreload Watching for file changes with StatReloader
INFO 2024-12-20 22:12:59,716 basehttp "GET /manage/ministers/ HTTP/1.1" 200 3272
INFO 2024-12-20 22:12:59,810 basehttp "GET /static/css/style.css HTTP/1.1" 200 9496
INFO 2024-12-20 22:12:59,810 basehttp "GET /static/css/flatpickr.css HTTP/1.1" 200 20981
INFO 2024-12-20 22:12:59,817 basehttp "GET /static/img/outgoing-mail.png HTTP/1.1" 200 27599
INFO 2024-12-20 22:12:59,819 basehttp "GET /static/img/incoming-mail.png HTTP/1.1" 200 27510
INFO 2024-12-20 22:12:59,839 basehttp "GET /static/img/decrees.png HTTP/1.1" 200 15258
INFO 2024-12-20 22:12:59,841 basehttp "GET /static/img/report.png HTTP/1.1" 200 15471
INFO 2024-12-20 22:12:59,841 basehttp "GET /static/img/internal-mail.png HTTP/1.1" 200 12268
INFO 2024-12-20 22:12:59,871 basehttp "GET /static/js/details.js HTTP/1.1" 200 6618
INFO 2024-12-20 22:12:59,877 basehttp "GET /static/js/flatpickr.js HTTP/1.1" 200 89905
INFO 2024-12-20 22:12:59,879 basehttp "GET /static/img/settings.png HTTP/1.1" 200 21053
INFO 2024-12-20 22:12:59,882 basehttp "GET /static/css/bootstrap.rtl.css HTTP/1.1" 200 280259
INFO 2024-12-20 22:12:59,900 basehttp "GET /static/js/bootstrap.bundle.js HTTP/1.1" 200 207819
INFO 2024-12-20 22:12:59,923 basehttp "GET /static/pdfjs/build/pdf.mjs HTTP/1.1" 200 628531
INFO 2024-12-20 22:13:00,687 basehttp "GET /static/fonts/Shabwa.ttf HTTP/1.1" 200 51148
INFO 2024-12-20 22:13:00,688 basehttp "GET /static/fonts/Shabwa-Medium.ttf HTTP/1.1" 200 51776
INFO 2024-12-20 22:13:00,688 basehttp "GET /static/fonts/Shabwa-Bold.ttf HTTP/1.1" 200 49452
INFO 2024-12-20 22:13:01,643 basehttp "GET /static/favicon.png HTTP/1.1" 200 6093
INFO 2024-12-20 22:13:02,547 basehttp "GET /manage/departments/ HTTP/1.1" 200 3131
INFO 2024-12-20 22:13:04,725 basehttp "GET /manage/ministers/ HTTP/1.1" 200 3248
INFO 2024-12-20 22:13:13,187 basehttp "GET /manage/ministers/ HTTP/1.1" 200 3325
INFO 2024-12-20 22:13:13,272 basehttp "GET /static/css/style.css HTTP/1.1" 200 9496
INFO 2024-12-20 22:13:13,276 basehttp "GET /static/css/flatpickr.css HTTP/1.1" 200 20981
INFO 2024-12-20 22:13:13,282 basehttp "GET /static/img/incoming-mail.png HTTP/1.1" 200 27510
INFO 2024-12-20 22:13:13,283 basehttp "GET /static/img/outgoing-mail.png HTTP/1.1" 200 27599
INFO 2024-12-20 22:13:13,293 basehttp "GET /static/img/internal-mail.png HTTP/1.1" 200 12268
INFO 2024-12-20 22:13:13,302 basehttp "GET /static/img/decrees.png HTTP/1.1" 200 15258
INFO 2024-12-20 22:13:13,309 basehttp "GET /static/img/report.png HTTP/1.1" 200 15471
INFO 2024-12-20 22:13:13,333 basehttp "GET /static/js/details.js HTTP/1.1" 200 6618
INFO 2024-12-20 22:13:13,341 basehttp "GET /static/js/flatpickr.js HTTP/1.1" 200 89905
INFO 2024-12-20 22:13:13,347 basehttp "GET /static/css/bootstrap.rtl.css HTTP/1.1" 200 280259
INFO 2024-12-20 22:13:13,351 basehttp "GET /static/img/settings.png HTTP/1.1" 200 21053
INFO 2024-12-20 22:13:13,366 basehttp "GET /static/js/bootstrap.bundle.js HTTP/1.1" 200 207819
INFO 2024-12-20 22:13:13,408 basehttp "GET /static/fonts/Shabwa-Medium.ttf HTTP/1.1" 200 51776
INFO 2024-12-20 22:13:13,408 basehttp "GET /static/fonts/Shabwa.ttf HTTP/1.1" 200 51148
INFO 2024-12-20 22:13:13,408 basehttp "GET /static/fonts/Shabwa-Bold.ttf HTTP/1.1" 200 49452
INFO 2024-12-20 22:13:13,423 basehttp "GET /static/pdfjs/build/pdf.mjs HTTP/1.1" 200 628531
INFO 2024-12-20 22:13:13,947 basehttp "GET /static/favicon.png HTTP/1.1" 200 6093
INFO 2024-12-20 22:13:19,981 autoreload Watching for file changes with StatReloader
INFO 2024-12-20 22:13:23,809 basehttp "GET /manage/ministers/ HTTP/1.1" 200 3253
INFO 2024-12-20 22:13:23,910 basehttp "GET /static/css/style.css HTTP/1.1" 200 9496
INFO 2024-12-20 22:13:23,913 basehttp "GET /static/css/flatpickr.css HTTP/1.1" 200 20981
INFO 2024-12-20 22:13:23,918 basehttp "GET /static/img/outgoing-mail.png HTTP/1.1" 200 27599
INFO 2024-12-20 22:13:23,921 basehttp "GET /static/img/incoming-mail.png HTTP/1.1" 200 27510
INFO 2024-12-20 22:13:23,941 basehttp "GET /static/img/internal-mail.png HTTP/1.1" 200 12268
INFO 2024-12-20 22:13:23,944 basehttp "GET /static/img/decrees.png HTTP/1.1" 200 15258
INFO 2024-12-20 22:13:23,951 basehttp "GET /static/img/report.png HTTP/1.1" 200 15471
INFO 2024-12-20 22:13:23,972 basehttp "GET /static/js/details.js HTTP/1.1" 200 6618
INFO 2024-12-20 22:13:23,989 basehttp "GET /static/js/flatpickr.js HTTP/1.1" 200 89905
INFO 2024-12-20 22:13:23,992 basehttp "GET /static/css/bootstrap.rtl.css HTTP/1.1" 200 280259
INFO 2024-12-20 22:13:23,992 basehttp "GET /static/img/settings.png HTTP/1.1" 200 21053
INFO 2024-12-20 22:13:24,012 basehttp "GET /static/js/bootstrap.bundle.js HTTP/1.1" 200 207819
INFO 2024-12-20 22:13:24,053 basehttp "GET /static/pdfjs/build/pdf.mjs HTTP/1.1" 200 628531
INFO 2024-12-20 22:13:24,096 basehttp "GET /static/fonts/Shabwa-Bold.ttf HTTP/1.1" 200 49452
INFO 2024-12-20 22:13:24,097 basehttp "GET /static/fonts/Shabwa-Medium.ttf HTTP/1.1" 200 51776
INFO 2024-12-20 22:13:24,098 basehttp "GET /static/fonts/Shabwa.ttf HTTP/1.1" 200 51148
INFO 2024-12-20 22:13:24,516 basehttp "GET /manage/ministers/ HTTP/1.1" 200 3324
INFO 2024-12-20 22:13:24,627 basehttp "GET /static/css/style.css HTTP/1.1" 200 9496
INFO 2024-12-20 22:13:24,636 basehttp "GET /static/css/flatpickr.css HTTP/1.1" 200 20981
INFO 2024-12-20 22:13:24,640 basehttp "GET /static/img/incoming-mail.png HTTP/1.1" 200 27510
INFO 2024-12-20 22:13:24,647 basehttp "GET /static/img/outgoing-mail.png HTTP/1.1" 200 27599
INFO 2024-12-20 22:13:24,678 basehttp "GET /static/img/internal-mail.png HTTP/1.1" 200 12268
INFO 2024-12-20 22:13:24,688 basehttp "GET /static/img/decrees.png HTTP/1.1" 200 15258
INFO 2024-12-20 22:13:24,695 basehttp "GET /static/img/report.png HTTP/1.1" 200 15471
INFO 2024-12-20 22:13:24,727 basehttp "GET /static/js/details.js HTTP/1.1" 200 6618
INFO 2024-12-20 22:13:24,770 basehttp "GET /static/css/bootstrap.rtl.css HTTP/1.1" 200 280259
INFO 2024-12-20 22:13:24,776 basehttp "GET /static/js/flatpickr.js HTTP/1.1" 200 89905
INFO 2024-12-20 22:13:24,777 basehttp "GET /static/img/settings.png HTTP/1.1" 200 21053
INFO 2024-12-20 22:13:24,810 basehttp "GET /manage/ministers/ HTTP/1.1" 200 3336
INFO 2024-12-20 22:13:24,831 basehttp "GET /static/js/bootstrap.bundle.js HTTP/1.1" 200 207819
INFO 2024-12-20 22:13:24,911 basehttp "GET /static/css/style.css HTTP/1.1" 200 9496
INFO 2024-12-20 22:13:24,917 basehttp "GET /static/css/flatpickr.css HTTP/1.1" 200 20981
INFO 2024-12-20 22:13:24,919 basehttp "GET /static/img/outgoing-mail.png HTTP/1.1" 200 27599
INFO 2024-12-20 22:13:24,926 basehttp "GET /static/img/incoming-mail.png HTTP/1.1" 200 27510
INFO 2024-12-20 22:13:24,940 basehttp "GET /static/img/internal-mail.png HTTP/1.1" 200 12268
INFO 2024-12-20 22:13:24,951 basehttp "GET /static/img/decrees.png HTTP/1.1" 200 15258
INFO 2024-12-20 22:13:24,951 basehttp "GET /static/img/report.png HTTP/1.1" 200 15471
INFO 2024-12-20 22:13:24,991 basehttp "GET /static/js/details.js HTTP/1.1" 200 6618
INFO 2024-12-20 22:13:25,002 basehttp "GET /static/img/settings.png HTTP/1.1" 200 21053
INFO 2024-12-20 22:13:25,003 basehttp "GET /static/js/flatpickr.js HTTP/1.1" 200 89905
INFO 2024-12-20 22:13:25,029 basehttp "GET /static/css/bootstrap.rtl.css HTTP/1.1" 200 280259
INFO 2024-12-20 22:13:25,036 basehttp "GET /static/js/bootstrap.bundle.js HTTP/1.1" 200 207819
INFO 2024-12-20 22:13:25,083 basehttp "GET /static/pdfjs/build/pdf.mjs HTTP/1.1" 200 628531
INFO 2024-12-20 22:13:25,310 basehttp "GET /static/fonts/Shabwa-Bold.ttf HTTP/1.1" 200 49452
INFO 2024-12-20 22:13:25,310 basehttp "GET /static/fonts/Shabwa.ttf HTTP/1.1" 200 51148
INFO 2024-12-20 22:13:25,312 basehttp "GET /static/fonts/Shabwa-Medium.ttf HTTP/1.1" 200 51776
INFO 2024-12-20 22:13:26,020 basehttp "GET /static/favicon.png HTTP/1.1" 200 6093
INFO 2024-12-20 22:14:56,223 basehttp "GET /manage/ministers/ HTTP/1.1" 200 3303
INFO 2024-12-20 22:14:56,284 basehttp "GET /static/css/style.css HTTP/1.1" 200 9496
INFO 2024-12-20 22:14:56,286 basehttp "GET /static/img/incoming-mail.png HTTP/1.1" 200 27510
INFO 2024-12-20 22:14:56,287 basehttp "GET /static/img/outgoing-mail.png HTTP/1.1" 200 27599
INFO 2024-12-20 22:14:56,287 basehttp "GET /static/css/flatpickr.css HTTP/1.1" 200 20981
INFO 2024-12-20 22:14:56,314 basehttp "GET /static/img/internal-mail.png HTTP/1.1" 200 12268
INFO 2024-12-20 22:14:56,317 basehttp "GET /static/img/decrees.png HTTP/1.1" 200 15258
INFO 2024-12-20 22:14:56,320 basehttp "GET /static/img/report.png HTTP/1.1" 200 15471
INFO 2024-12-20 22:14:56,365 basehttp "GET /static/js/details.js HTTP/1.1" 200 6618
INFO 2024-12-20 22:14:56,366 basehttp "GET /static/css/bootstrap.rtl.css HTTP/1.1" 200 280259
INFO 2024-12-20 22:14:56,369 basehttp "GET /static/js/flatpickr.js HTTP/1.1" 200 89905
INFO 2024-12-20 22:14:56,375 basehttp "GET /static/img/settings.png HTTP/1.1" 200 21053
INFO 2024-12-20 22:14:56,421 basehttp "GET /static/js/bootstrap.bundle.js HTTP/1.1" 200 207819
INFO 2024-12-20 22:14:56,459 basehttp "GET /static/fonts/Shabwa-Bold.ttf HTTP/1.1" 200 49452
INFO 2024-12-20 22:14:56,462 basehttp "GET /static/fonts/Shabwa-Medium.ttf HTTP/1.1" 200 51776
INFO 2024-12-20 22:14:56,466 basehttp "GET /static/fonts/Shabwa.ttf HTTP/1.1" 200 51148
INFO 2024-12-20 22:14:56,476 basehttp "GET /static/pdfjs/build/pdf.mjs HTTP/1.1" 200 628531
INFO 2024-12-20 22:14:57,094 basehttp "GET /static/favicon.png HTTP/1.1" 200 6093
INFO 2024-12-20 22:14:58,110 basehttp "GET /manage/departments/ HTTP/1.1" 200 3147
INFO 2024-12-20 22:14:58,808 views Submitted Query: 
INFO 2024-12-20 22:14:58,813 views Returned 0 documents for model 'report'.
INFO 2024-12-20 22:14:58,828 basehttp "GET /documents/report/ HTTP/1.1" 200 3394
INFO 2024-12-20 22:14:59,746 basehttp "GET /manage/departments/ HTTP/1.1" 200 3075
INFO 2024-12-20 22:15:00,902 basehttp "GET /manage/affiliates/ HTTP/1.1" 200 3190
INFO 2024-12-20 22:15:01,801 basehttp "GET /manage/ministers/ HTTP/1.1" 200 3246
INFO 2024-12-20 22:15:02,754 basehttp "GET /manage/governments/ HTTP/1.1" 200 2910
INFO 2024-12-20 22:15:03,514 basehttp "GET /manage/ministers/ HTTP/1.1" 200 3255
INFO 2024-12-20 22:15:04,738 basehttp "GET /manage/affiliates/ HTTP/1.1" 200 3203
INFO 2024-12-20 22:15:05,817 basehttp "GET /manage/departments/ HTTP/1.1" 200 3141
INFO 2024-12-20 22:15:07,556 basehttp "GET /manage/ministers/ HTTP/1.1" 200 3280
INFO 2024-12-20 22:15:36,192 autoreload Watching for file changes with StatReloader
INFO 2024-12-20 22:15:39,547 basehttp "GET /manage/ministers/ HTTP/1.1" 200 3240
INFO 2024-12-20 22:15:39,639 basehttp "GET /static/css/style.css HTTP/1.1" 200 9496
INFO 2024-12-20 22:15:39,640 basehttp "GET /static/css/flatpickr.css HTTP/1.1" 200 20981
INFO 2024-12-20 22:15:39,643 basehttp "GET /static/img/outgoing-mail.png HTTP/1.1" 200 27599
INFO 2024-12-20 22:15:39,646 basehttp "GET /static/img/incoming-mail.png HTTP/1.1" 200 27510
INFO 2024-12-20 22:15:39,663 basehttp "GET /static/img/internal-mail.png HTTP/1.1" 200 12268
INFO 2024-12-20 22:15:39,667 basehttp "GET /static/img/decrees.png HTTP/1.1" 200 15258
INFO 2024-12-20 22:15:39,669 basehttp "GET /static/img/report.png HTTP/1.1" 200 15471
INFO 2024-12-20 22:15:39,693 basehttp "GET /static/js/details.js HTTP/1.1" 200 6618
INFO 2024-12-20 22:15:39,695 basehttp "GET /static/css/bootstrap.rtl.css HTTP/1.1" 200 280259
INFO 2024-12-20 22:15:39,705 basehttp "GET /static/js/flatpickr.js HTTP/1.1" 200 89905
INFO 2024-12-20 22:15:39,712 basehttp "GET /static/img/settings.png HTTP/1.1" 200 21053
INFO 2024-12-20 22:15:39,726 basehttp "GET /static/js/bootstrap.bundle.js HTTP/1.1" 200 207819
INFO 2024-12-20 22:15:39,756 basehttp "GET /static/pdfjs/build/pdf.mjs HTTP/1.1" 200 628531
INFO 2024-12-20 22:15:39,816 basehttp "GET /static/fonts/Shabwa.ttf HTTP/1.1" 200 51148
INFO 2024-12-20 22:15:39,817 basehttp "GET /static/fonts/Shabwa-Medium.ttf HTTP/1.1" 200 51776
INFO 2024-12-20 22:15:39,818 basehttp "GET /static/fonts/Shabwa-Bold.ttf HTTP/1.1" 200 49452
INFO 2024-12-20 22:15:40,331 basehttp "GET /static/favicon.png HTTP/1.1" 200 6093
INFO 2024-12-20 22:16:25,919 autoreload /workspaces/mail_archive/documents/forms.py changed, reloading.
INFO 2024-12-20 22:16:27,458 autoreload Watching for file changes with StatReloader
INFO 2024-12-20 22:16:40,072 basehttp "GET /manage/ministers/ HTTP/1.1" 200 3236
INFO 2024-12-20 22:16:40,170 basehttp "GET /static/css/style.css HTTP/1.1" 200 9627
INFO 2024-12-20 22:16:40,171 basehttp "GET /static/css/flatpickr.css HTTP/1.1" 200 20981
INFO 2024-12-20 22:16:40,174 basehttp "GET /static/img/outgoing-mail.png HTTP/1.1" 200 27599
INFO 2024-12-20 22:16:40,175 basehttp "GET /static/img/incoming-mail.png HTTP/1.1" 200 27510
INFO 2024-12-20 22:16:40,196 basehttp "GET /static/img/internal-mail.png HTTP/1.1" 200 12268
INFO 2024-12-20 22:16:40,198 basehttp "GET /static/img/decrees.png HTTP/1.1" 200 15258
INFO 2024-12-20 22:16:40,199 basehttp "GET /static/img/report.png HTTP/1.1" 200 15471
INFO 2024-12-20 22:16:40,218 basehttp "GET /static/css/bootstrap.rtl.css HTTP/1.1" 200 280259
INFO 2024-12-20 22:16:40,224 basehttp "GET /static/js/details.js HTTP/1.1" 200 6618
INFO 2024-12-20 22:16:40,224 basehttp "GET /static/js/flatpickr.js HTTP/1.1" 200 89905
INFO 2024-12-20 22:16:40,234 basehttp "GET /static/img/settings.png HTTP/1.1" 200 21053
INFO 2024-12-20 22:16:40,258 basehttp "GET /static/js/bootstrap.bundle.js HTTP/1.1" 200 207819
INFO 2024-12-20 22:16:40,288 basehttp "GET /static/pdfjs/build/pdf.mjs HTTP/1.1" 200 628531
INFO 2024-12-20 22:16:40,652 basehttp "GET /static/fonts/Shabwa.ttf HTTP/1.1" 200 51148
INFO 2024-12-20 22:16:40,656 basehttp "GET /static/fonts/Shabwa-Medium.ttf HTTP/1.1" 200 51776
INFO 2024-12-20 22:16:40,657 basehttp "GET /static/fonts/Shabwa-Bold.ttf HTTP/1.1" 200 49452
INFO 2024-12-20 22:16:41,609 basehttp "GET /static/favicon.png HTTP/1.1" 200 6093
INFO 2024-12-20 22:16:42,893 basehttp "GET /manage/ministers/ HTTP/1.1" 200 3312
INFO 2024-12-20 22:16:42,969 basehttp "GET /static/css/style.css HTTP/1.1" 200 9627
INFO 2024-12-20 22:16:42,977 basehttp "GET /static/css/flatpickr.css HTTP/1.1" 200 20981
INFO 2024-12-20 22:16:42,981 basehttp "GET /static/img/outgoing-mail.png HTTP/1.1" 200 27599
INFO 2024-12-20 22:16:42,983 basehttp "GET /static/img/incoming-mail.png HTTP/1.1" 200 27510
INFO 2024-12-20 22:16:42,991 basehttp "GET /static/img/internal-mail.png HTTP/1.1" 200 12268
INFO 2024-12-20 22:16:43,005 basehttp "GET /static/img/decrees.png HTTP/1.1" 200 15258
INFO 2024-12-20 22:16:43,007 basehttp "GET /static/img/report.png HTTP/1.1" 200 15471
INFO 2024-12-20 22:16:43,032 basehttp "GET /static/js/details.js HTTP/1.1" 200 6618
INFO 2024-12-20 22:16:43,038 basehttp "GET /static/js/flatpickr.js HTTP/1.1" 200 89905
INFO 2024-12-20 22:16:43,040 basehttp "GET /static/css/bootstrap.rtl.css HTTP/1.1" 200 280259
INFO 2024-12-20 22:16:43,044 basehttp "GET /static/img/settings.png HTTP/1.1" 200 21053
INFO 2024-12-20 22:16:43,055 basehttp "GET /static/js/bootstrap.bundle.js HTTP/1.1" 200 207819
INFO 2024-12-20 22:16:43,080 basehttp "GET /static/pdfjs/build/pdf.mjs HTTP/1.1" 200 628531
INFO 2024-12-20 22:16:43,149 basehttp "GET /static/fonts/Shabwa.ttf HTTP/1.1" 200 51148
INFO 2024-12-20 22:16:43,151 basehttp "GET /static/fonts/Shabwa-Medium.ttf HTTP/1.1" 200 51776
INFO 2024-12-20 22:16:43,151 basehttp "GET /static/fonts/Shabwa-Bold.ttf HTTP/1.1" 200 49452
INFO 2024-12-20 22:16:43,743 basehttp "GET /static/favicon.png HTTP/1.1" 200 6093
INFO 2024-12-20 22:16:45,421 basehttp "GET /manage/ministers/ HTTP/1.1" 200 3244
INFO 2024-12-20 22:16:45,501 basehttp "GET /static/css/style.css HTTP/1.1" 200 9627
INFO 2024-12-20 22:16:45,504 basehttp "GET /static/css/flatpickr.css HTTP/1.1" 200 20981
INFO 2024-12-20 22:16:45,510 basehttp "GET /static/img/incoming-mail.png HTTP/1.1" 200 27510
INFO 2024-12-20 22:16:45,512 basehttp "GET /static/img/outgoing-mail.png HTTP/1.1" 200 27599
INFO 2024-12-20 22:16:45,527 basehttp "GET /static/img/internal-mail.png HTTP/1.1" 200 12268
INFO 2024-12-20 22:16:45,531 basehttp "GET /static/img/decrees.png HTTP/1.1" 200 15258
INFO 2024-12-20 22:16:45,536 basehttp "GET /static/img/report.png HTTP/1.1" 200 15471
INFO 2024-12-20 22:16:45,561 basehttp "GET /static/css/bootstrap.rtl.css HTTP/1.1" 200 280259
INFO 2024-12-20 22:16:45,564 basehttp "GET /static/js/details.js HTTP/1.1" 200 6618
INFO 2024-12-20 22:16:45,567 basehttp "GET /static/js/flatpickr.js HTTP/1.1" 200 89905
INFO 2024-12-20 22:16:45,606 basehttp "GET /static/img/settings.png HTTP/1.1" 200 21053
INFO 2024-12-20 22:16:45,630 basehttp "GET /static/js/bootstrap.bundle.js HTTP/1.1" 200 207819
INFO 2024-12-20 22:16:45,677 basehttp "GET /manage/ministers/ HTTP/1.1" 200 3321
INFO 2024-12-20 22:16:45,685 basehttp "GET /static/pdfjs/build/pdf.mjs HTTP/1.1" 200 628531
INFO 2024-12-20 22:16:45,767 basehttp "GET /manage/ministers/ HTTP/1.1" 200 3243
INFO 2024-12-20 22:16:45,859 basehttp "GET /static/css/style.css HTTP/1.1" 200 9627
INFO 2024-12-20 22:16:45,862 basehttp "GET /static/css/flatpickr.css HTTP/1.1" 200 20981
INFO 2024-12-20 22:16:45,869 basehttp "GET /static/img/incoming-mail.png HTTP/1.1" 200 27510
INFO 2024-12-20 22:16:45,869 basehttp "GET /static/img/outgoing-mail.png HTTP/1.1" 200 27599
INFO 2024-12-20 22:16:45,882 basehttp "GET /static/img/internal-mail.png HTTP/1.1" 200 12268
INFO 2024-12-20 22:16:45,885 basehttp "GET /static/img/decrees.png HTTP/1.1" 200 15258
INFO 2024-12-20 22:16:45,894 basehttp "GET /static/img/report.png HTTP/1.1" 200 15471
INFO 2024-12-20 22:16:45,909 basehttp "GET /static/css/bootstrap.rtl.css HTTP/1.1" 200 280259
INFO 2024-12-20 22:16:45,913 basehttp "GET /static/js/details.js HTTP/1.1" 200 6618
INFO 2024-12-20 22:16:45,920 basehttp "GET /static/js/flatpickr.js HTTP/1.1" 200 89905
INFO 2024-12-20 22:16:45,929 basehttp "GET /static/img/settings.png HTTP/1.1" 200 21053
INFO 2024-12-20 22:16:45,940 basehttp "GET /static/js/bootstrap.bundle.js HTTP/1.1" 200 207819
INFO 2024-12-20 22:16:45,964 basehttp "GET /static/pdfjs/build/pdf.mjs HTTP/1.1" 200 628531
INFO 2024-12-20 22:16:45,987 basehttp "GET /static/fonts/Shabwa.ttf HTTP/1.1" 200 51148
INFO 2024-12-20 22:16:45,990 basehttp "GET /static/fonts/Shabwa-Bold.ttf HTTP/1.1" 200 49452
INFO 2024-12-20 22:16:45,990 basehttp "GET /static/fonts/Shabwa-Medium.ttf HTTP/1.1" 200 51776
INFO 2024-12-20 22:16:46,581 basehttp "GET /static/favicon.png HTTP/1.1" 200 6093
INFO 2024-12-20 22:17:15,352 basehttp "GET /manage/ministers/ HTTP/1.1" 200 3325
INFO 2024-12-20 22:17:15,455 basehttp "GET /static/css/style.css HTTP/1.1" 200 9618
INFO 2024-12-20 22:17:15,455 basehttp "GET /static/css/flatpickr.css HTTP/1.1" 200 20981
INFO 2024-12-20 22:17:15,456 basehttp "GET /static/img/incoming-mail.png HTTP/1.1" 200 27510
INFO 2024-12-20 22:17:15,459 basehttp "GET /static/img/outgoing-mail.png HTTP/1.1" 200 27599
INFO 2024-12-20 22:17:15,483 basehttp "GET /static/img/internal-mail.png HTTP/1.1" 200 12268
INFO 2024-12-20 22:17:15,489 basehttp "GET /static/img/decrees.png HTTP/1.1" 200 15258
INFO 2024-12-20 22:17:15,491 basehttp "GET /static/img/report.png HTTP/1.1" 200 15471
INFO 2024-12-20 22:17:15,519 basehttp "GET /static/css/bootstrap.rtl.css HTTP/1.1" 200 280259
INFO 2024-12-20 22:17:15,522 basehttp "GET /static/js/details.js HTTP/1.1" 200 6618
INFO 2024-12-20 22:17:15,525 basehttp "GET /static/js/flatpickr.js HTTP/1.1" 200 89905
INFO 2024-12-20 22:17:15,539 basehttp "GET /static/img/settings.png HTTP/1.1" 200 21053
INFO 2024-12-20 22:17:15,558 basehttp "GET /static/js/bootstrap.bundle.js HTTP/1.1" 200 207819
INFO 2024-12-20 22:17:15,611 basehttp "GET /static/pdfjs/build/pdf.mjs HTTP/1.1" 200 628531
INFO 2024-12-20 22:17:15,613 basehttp "GET /static/fonts/Shabwa-Medium.ttf HTTP/1.1" 200 51776
INFO 2024-12-20 22:17:15,613 basehttp "GET /static/fonts/Shabwa-Bold.ttf HTTP/1.1" 200 49452
INFO 2024-12-20 22:17:15,614 basehttp "GET /static/fonts/Shabwa.ttf HTTP/1.1" 200 51148
INFO 2024-12-20 22:17:16,518 basehttp "GET /static/favicon.png HTTP/1.1" 200 6093
INFO 2024-12-20 22:17:34,431 basehttp "GET /manage/ministers/ HTTP/1.1" 200 3265
INFO 2024-12-20 22:17:34,535 basehttp "GET /static/css/style.css HTTP/1.1" 200 9620
INFO 2024-12-20 22:17:34,537 basehttp "GET /static/css/flatpickr.css HTTP/1.1" 200 20981
INFO 2024-12-20 22:17:34,540 basehttp "GET /static/img/outgoing-mail.png HTTP/1.1" 200 27599
INFO 2024-12-20 22:17:34,540 basehttp "GET /static/img/incoming-mail.png HTTP/1.1" 200 27510
INFO 2024-12-20 22:17:34,556 basehttp "GET /static/img/internal-mail.png HTTP/1.1" 200 12268
INFO 2024-12-20 22:17:34,564 basehttp "GET /static/img/report.png HTTP/1.1" 200 15471
INFO 2024-12-20 22:17:34,565 basehttp "GET /static/img/decrees.png HTTP/1.1" 200 15258
INFO 2024-12-20 22:17:34,587 basehttp "GET /static/css/bootstrap.rtl.css HTTP/1.1" 200 280259
INFO 2024-12-20 22:17:34,589 basehttp "GET /static/js/flatpickr.js HTTP/1.1" 200 89905
INFO 2024-12-20 22:17:34,591 basehttp "GET /static/js/details.js HTTP/1.1" 200 6618
INFO 2024-12-20 22:17:34,600 basehttp "GET /static/img/settings.png HTTP/1.1" 200 21053
INFO 2024-12-20 22:17:34,614 basehttp "GET /static/js/bootstrap.bundle.js HTTP/1.1" 200 207819
INFO 2024-12-20 22:17:34,634 basehttp "GET /static/pdfjs/build/pdf.mjs HTTP/1.1" 200 628531
INFO 2024-12-20 22:17:34,711 basehttp "GET /static/fonts/Shabwa.ttf HTTP/1.1" 200 51148
INFO 2024-12-20 22:17:34,714 basehttp "GET /static/fonts/Shabwa-Bold.ttf HTTP/1.1" 200 49452
INFO 2024-12-20 22:17:34,714 basehttp "GET /static/fonts/Shabwa-Medium.ttf HTTP/1.1" 200 51776
INFO 2024-12-20 22:17:35,298 basehttp "GET /static/favicon.png HTTP/1.1" 200 6093
INFO 2024-12-20 22:17:45,670 basehttp "GET /manage/ministers/ HTTP/1.1" 200 3263
INFO 2024-12-20 22:17:45,770 basehttp "GET /static/css/style.css HTTP/1.1" 200 9625
INFO 2024-12-20 22:17:45,774 basehttp "GET /static/css/flatpickr.css HTTP/1.1" 200 20981
INFO 2024-12-20 22:17:45,779 basehttp "GET /static/img/incoming-mail.png HTTP/1.1" 200 27510
INFO 2024-12-20 22:17:45,781 basehttp "GET /static/img/outgoing-mail.png HTTP/1.1" 200 27599
INFO 2024-12-20 22:17:45,798 basehttp "GET /static/img/internal-mail.png HTTP/1.1" 200 12268
INFO 2024-12-20 22:17:45,801 basehttp "GET /static/img/decrees.png HTTP/1.1" 200 15258
INFO 2024-12-20 22:17:45,810 basehttp "GET /static/img/report.png HTTP/1.1" 200 15471
INFO 2024-12-20 22:17:45,834 basehttp "GET /static/js/details.js HTTP/1.1" 200 6618
INFO 2024-12-20 22:17:45,837 basehttp "GET /static/css/bootstrap.rtl.css HTTP/1.1" 200 280259
INFO 2024-12-20 22:17:45,842 basehttp "GET /static/js/flatpickr.js HTTP/1.1" 200 89905
INFO 2024-12-20 22:17:45,852 basehttp "GET /static/img/settings.png HTTP/1.1" 200 21053
INFO 2024-12-20 22:17:45,867 basehttp "GET /static/js/bootstrap.bundle.js HTTP/1.1" 200 207819
INFO 2024-12-20 22:17:45,921 basehttp "GET /static/fonts/Shabwa.ttf HTTP/1.1" 200 51148
INFO 2024-12-20 22:17:45,925 basehttp "GET /static/fonts/Shabwa-Medium.ttf HTTP/1.1" 200 51776
INFO 2024-12-20 22:17:45,926 basehttp "GET /static/fonts/Shabwa-Bold.ttf HTTP/1.1" 200 49452
INFO 2024-12-20 22:17:45,927 basehttp "GET /static/pdfjs/build/pdf.mjs HTTP/1.1" 200 628531
INFO 2024-12-20 22:17:46,586 basehttp "GET /static/favicon.png HTTP/1.1" 200 6093
INFO 2024-12-20 22:18:05,977 basehttp "GET /manage/ministers/ HTTP/1.1" 200 3327
INFO 2024-12-20 22:18:06,064 basehttp "GET /static/css/flatpickr.css HTTP/1.1" 200 20981
INFO 2024-12-20 22:18:06,065 basehttp "GET /static/css/style.css HTTP/1.1" 200 9625
INFO 2024-12-20 22:18:06,073 basehttp "GET /static/img/incoming-mail.png HTTP/1.1" 200 27510
INFO 2024-12-20 22:18:06,073 basehttp "GET /static/img/outgoing-mail.png HTTP/1.1" 200 27599
INFO 2024-12-20 22:18:06,086 basehttp "GET /static/img/internal-mail.png HTTP/1.1" 200 12268
INFO 2024-12-20 22:18:06,090 basehttp "GET /static/img/decrees.png HTTP/1.1" 200 15258
INFO 2024-12-20 22:18:06,098 basehttp "GET /static/img/report.png HTTP/1.1" 200 15471
INFO 2024-12-20 22:18:06,108 basehttp "GET /static/css/bootstrap.rtl.css HTTP/1.1" 200 280259
INFO 2024-12-20 22:18:06,111 basehttp "GET /static/js/details.js HTTP/1.1" 200 6618
INFO 2024-12-20 22:18:06,114 basehttp "GET /static/js/flatpickr.js HTTP/1.1" 200 89905
INFO 2024-12-20 22:18:06,128 basehttp "GET /static/img/settings.png HTTP/1.1" 200 21053
INFO 2024-12-20 22:18:06,140 basehttp "GET /static/js/bootstrap.bundle.js HTTP/1.1" 200 207819
INFO 2024-12-20 22:18:06,175 basehttp "GET /static/pdfjs/build/pdf.mjs HTTP/1.1" 200 628531
INFO 2024-12-20 22:18:06,185 basehttp "GET /static/fonts/Shabwa.ttf HTTP/1.1" 200 51148
INFO 2024-12-20 22:18:06,190 basehttp "GET /static/fonts/Shabwa-Medium.ttf HTTP/1.1" 200 51776
INFO 2024-12-20 22:18:06,194 basehttp "GET /static/fonts/Shabwa-Bold.ttf HTTP/1.1" 200 49452
INFO 2024-12-20 22:18:06,843 basehttp "GET /static/favicon.png HTTP/1.1" 200 6093
INFO 2024-12-20 22:18:17,332 basehttp "GET /manage/ministers/ HTTP/1.1" 200 3322
INFO 2024-12-20 22:18:17,433 basehttp "GET /static/css/style.css HTTP/1.1" 200 9625
INFO 2024-12-20 22:18:17,438 basehttp "GET /static/css/flatpickr.css HTTP/1.1" 200 20981
INFO 2024-12-20 22:18:17,440 basehttp "GET /static/img/outgoing-mail.png HTTP/1.1" 200 27599
INFO 2024-12-20 22:18:17,442 basehttp "GET /static/img/incoming-mail.png HTTP/1.1" 200 27510
INFO 2024-12-20 22:18:17,457 basehttp "GET /static/img/internal-mail.png HTTP/1.1" 200 12268
INFO 2024-12-20 22:18:17,468 basehttp "GET /static/img/decrees.png HTTP/1.1" 200 15258
INFO 2024-12-20 22:18:17,473 basehttp "GET /static/img/report.png HTTP/1.1" 200 15471
INFO 2024-12-20 22:18:17,495 basehttp "GET /static/js/details.js HTTP/1.1" 200 6618
INFO 2024-12-20 22:18:17,498 basehttp "GET /static/js/flatpickr.js HTTP/1.1" 200 89905
INFO 2024-12-20 22:18:17,514 basehttp "GET /static/img/settings.png HTTP/1.1" 200 21053
INFO 2024-12-20 22:18:17,515 basehttp "GET /static/css/bootstrap.rtl.css HTTP/1.1" 200 280259
INFO 2024-12-20 22:18:17,530 basehttp "GET /static/js/bootstrap.bundle.js HTTP/1.1" 200 207819
INFO 2024-12-20 22:18:17,582 basehttp "GET /static/fonts/Shabwa.ttf HTTP/1.1" 200 51148
INFO 2024-12-20 22:18:17,587 basehttp "GET /static/fonts/Shabwa-Bold.ttf HTTP/1.1" 200 49452
INFO 2024-12-20 22:18:17,588 basehttp "GET /static/fonts/Shabwa-Medium.ttf HTTP/1.1" 200 51776
INFO 2024-12-20 22:18:17,600 basehttp "GET /static/pdfjs/build/pdf.mjs HTTP/1.1" 200 628531
INFO 2024-12-20 22:18:18,173 basehttp "GET /static/favicon.png HTTP/1.1" 200 6093
INFO 2024-12-20 22:18:29,093 basehttp "GET /manage/ministers/ HTTP/1.1" 200 3303
INFO 2024-12-20 22:18:29,170 basehttp "GET /static/css/style.css HTTP/1.1" 200 9624
INFO 2024-12-20 22:18:29,176 basehttp "GET /static/css/flatpickr.css HTTP/1.1" 200 20981
INFO 2024-12-20 22:18:29,182 basehttp "GET /static/img/outgoing-mail.png HTTP/1.1" 200 27599
INFO 2024-12-20 22:18:29,185 basehttp "GET /static/img/incoming-mail.png HTTP/1.1" 200 27510
INFO 2024-12-20 22:18:29,194 basehttp "GET /static/img/internal-mail.png HTTP/1.1" 200 12268
INFO 2024-12-20 22:18:29,197 basehttp "GET /static/img/decrees.png HTTP/1.1" 200 15258
INFO 2024-12-20 22:18:29,204 basehttp "GET /static/img/report.png HTTP/1.1" 200 15471
INFO 2024-12-20 22:18:29,219 basehttp "GET /static/js/details.js HTTP/1.1" 200 6618
INFO 2024-12-20 22:18:29,229 basehttp "GET /static/css/bootstrap.rtl.css HTTP/1.1" 200 280259
INFO 2024-12-20 22:18:29,233 basehttp "GET /static/js/flatpickr.js HTTP/1.1" 200 89905
INFO 2024-12-20 22:18:29,239 basehttp "GET /static/img/settings.png HTTP/1.1" 200 21053
INFO 2024-12-20 22:18:29,250 basehttp "GET /static/js/bootstrap.bundle.js HTTP/1.1" 200 207819
INFO 2024-12-20 22:18:29,274 basehttp "GET /static/pdfjs/build/pdf.mjs HTTP/1.1" 200 628531
INFO 2024-12-20 22:18:29,310 basehttp "GET /static/fonts/Shabwa.ttf HTTP/1.1" 200 51148
INFO 2024-12-20 22:18:29,313 basehttp "GET /static/fonts/Shabwa-Bold.ttf HTTP/1.1" 200 49452
INFO 2024-12-20 22:18:29,313 basehttp "GET /static/fonts/Shabwa-Medium.ttf HTTP/1.1" 200 51776
INFO 2024-12-20 22:18:29,806 basehttp "GET /static/favicon.png HTTP/1.1" 200 6093
INFO 2024-12-20 22:18:39,530 basehttp "GET /manage/ministers/ HTTP/1.1" 200 3315
INFO 2024-12-20 22:18:39,643 basehttp "GET /static/css/style.css HTTP/1.1" 200 9623
INFO 2024-12-20 22:18:39,647 basehttp "GET /static/css/flatpickr.css HTTP/1.1" 200 20981
INFO 2024-12-20 22:18:39,650 basehttp "GET /static/img/incoming-mail.png HTTP/1.1" 200 27510
INFO 2024-12-20 22:18:39,655 basehttp "GET /static/img/outgoing-mail.png HTTP/1.1" 200 27599
INFO 2024-12-20 22:18:39,681 basehttp "GET /static/img/decrees.png HTTP/1.1" 200 15258
INFO 2024-12-20 22:18:39,683 basehttp "GET /static/img/internal-mail.png HTTP/1.1" 200 12268
INFO 2024-12-20 22:18:39,693 basehttp "GET /static/img/report.png HTTP/1.1" 200 15471
INFO 2024-12-20 22:18:39,708 basehttp "GET /static/js/details.js HTTP/1.1" 200 6618
INFO 2024-12-20 22:18:39,726 basehttp "GET /static/js/flatpickr.js HTTP/1.1" 200 89905
INFO 2024-12-20 22:18:39,728 basehttp "GET /static/css/bootstrap.rtl.css HTTP/1.1" 200 280259
INFO 2024-12-20 22:18:39,741 basehttp "GET /static/img/settings.png HTTP/1.1" 200 21053
INFO 2024-12-20 22:18:39,760 basehttp "GET /static/js/bootstrap.bundle.js HTTP/1.1" 200 207819
INFO 2024-12-20 22:18:39,793 basehttp "GET /static/pdfjs/build/pdf.mjs HTTP/1.1" 200 628531
INFO 2024-12-20 22:18:39,950 basehttp "GET /static/fonts/Shabwa.ttf HTTP/1.1" 200 51148
INFO 2024-12-20 22:18:39,951 basehttp "GET /static/fonts/Shabwa-Bold.ttf HTTP/1.1" 200 49452
INFO 2024-12-20 22:18:39,952 basehttp "GET /static/fonts/Shabwa-Medium.ttf HTTP/1.1" 200 51776
INFO 2024-12-20 22:18:41,267 basehttp "GET /static/favicon.png HTTP/1.1" 200 6093
INFO 2024-12-20 22:18:55,982 basehttp "GET /manage/ministers/ HTTP/1.1" 200 3302
INFO 2024-12-20 22:18:56,068 basehttp "GET /static/css/style.css HTTP/1.1" 200 9648
INFO 2024-12-20 22:18:56,071 basehttp "GET /static/css/flatpickr.css HTTP/1.1" 200 20981
INFO 2024-12-20 22:18:56,073 basehttp "GET /static/img/outgoing-mail.png HTTP/1.1" 200 27599
INFO 2024-12-20 22:18:56,074 basehttp "GET /static/img/incoming-mail.png HTTP/1.1" 200 27510
INFO 2024-12-20 22:18:56,088 basehttp "GET /static/img/internal-mail.png HTTP/1.1" 200 12268
INFO 2024-12-20 22:18:56,095 basehttp "GET /static/img/decrees.png HTTP/1.1" 200 15258
INFO 2024-12-20 22:18:56,104 basehttp "GET /static/img/report.png HTTP/1.1" 200 15471
INFO 2024-12-20 22:18:56,122 basehttp "GET /static/css/bootstrap.rtl.css HTTP/1.1" 200 280259
INFO 2024-12-20 22:18:56,124 basehttp "GET /static/js/details.js HTTP/1.1" 200 6618
INFO 2024-12-20 22:18:56,128 basehttp "GET /static/js/flatpickr.js HTTP/1.1" 200 89905
INFO 2024-12-20 22:18:56,141 basehttp "GET /static/img/settings.png HTTP/1.1" 200 21053
INFO 2024-12-20 22:18:56,153 basehttp "GET /static/js/bootstrap.bundle.js HTTP/1.1" 200 207819
INFO 2024-12-20 22:18:56,186 basehttp "GET /static/fonts/Shabwa-Medium.ttf HTTP/1.1" 200 51776
INFO 2024-12-20 22:18:56,187 basehttp "GET /static/fonts/Shabwa-Bold.ttf HTTP/1.1" 200 49452
INFO 2024-12-20 22:18:56,187 basehttp "GET /static/fonts/Shabwa.ttf HTTP/1.1" 200 51148
INFO 2024-12-20 22:18:56,201 basehttp "GET /static/pdfjs/build/pdf.mjs HTTP/1.1" 200 628531
INFO 2024-12-20 22:18:56,596 basehttp "GET /static/favicon.png HTTP/1.1" 200 6093
INFO 2024-12-20 22:19:11,131 basehttp "GET /manage/ministers/ HTTP/1.1" 200 3315
INFO 2024-12-20 22:19:11,231 basehttp "GET /static/css/style.css HTTP/1.1" 200 9643
INFO 2024-12-20 22:19:11,235 basehttp "GET /static/css/flatpickr.css HTTP/1.1" 200 20981
INFO 2024-12-20 22:19:11,237 basehttp "GET /static/img/incoming-mail.png HTTP/1.1" 200 27510
INFO 2024-12-20 22:19:11,238 basehttp "GET /static/img/outgoing-mail.png HTTP/1.1" 200 27599
INFO 2024-12-20 22:19:11,263 basehttp "GET /static/img/internal-mail.png HTTP/1.1" 200 12268
INFO 2024-12-20 22:19:11,268 basehttp "GET /static/img/decrees.png HTTP/1.1" 200 15258
INFO 2024-12-20 22:19:11,274 basehttp "GET /static/img/report.png HTTP/1.1" 200 15471
INFO 2024-12-20 22:19:11,295 basehttp "GET /static/js/details.js HTTP/1.1" 200 6618
INFO 2024-12-20 22:19:11,303 basehttp "GET /static/js/flatpickr.js HTTP/1.1" 200 89905
INFO 2024-12-20 22:19:11,315 basehttp "GET /static/img/settings.png HTTP/1.1" 200 21053
INFO 2024-12-20 22:19:11,316 basehttp "GET /static/css/bootstrap.rtl.css HTTP/1.1" 200 280259
INFO 2024-12-20 22:19:11,337 basehttp "GET /static/js/bootstrap.bundle.js HTTP/1.1" 200 207819
INFO 2024-12-20 22:19:11,384 basehttp "GET /static/fonts/Shabwa-Medium.ttf HTTP/1.1" 200 51776
INFO 2024-12-20 22:19:11,390 basehttp "GET /static/fonts/Shabwa-Bold.ttf HTTP/1.1" 200 49452
INFO 2024-12-20 22:19:11,392 basehttp "GET /static/fonts/Shabwa.ttf HTTP/1.1" 200 51148
INFO 2024-12-20 22:19:11,409 basehttp "GET /static/pdfjs/build/pdf.mjs HTTP/1.1" 200 628531
INFO 2024-12-20 22:19:11,618 basehttp "GET /static/favicon.png HTTP/1.1" 200 6093
INFO 2024-12-20 22:19:20,638 basehttp "GET /manage/ministers/ HTTP/1.1" 200 3258
INFO 2024-12-20 22:19:20,724 basehttp "GET /static/css/style.css HTTP/1.1" 200 9648
INFO 2024-12-20 22:19:20,724 basehttp "GET /static/css/flatpickr.css HTTP/1.1" 200 20981
INFO 2024-12-20 22:19:20,727 basehttp "GET /static/img/outgoing-mail.png HTTP/1.1" 200 27599
INFO 2024-12-20 22:19:20,734 basehttp "GET /static/img/incoming-mail.png HTTP/1.1" 200 27510
INFO 2024-12-20 22:19:20,751 basehttp "GET /static/img/decrees.png HTTP/1.1" 200 15258
INFO 2024-12-20 22:19:20,753 basehttp "GET /static/img/report.png HTTP/1.1" 200 15471
INFO 2024-12-20 22:19:20,753 basehttp "GET /static/img/internal-mail.png HTTP/1.1" 200 12268
INFO 2024-12-20 22:19:20,781 basehttp "GET /static/js/details.js HTTP/1.1" 200 6618
INFO 2024-12-20 22:19:20,785 basehttp "GET /static/js/flatpickr.js HTTP/1.1" 200 89905
INFO 2024-12-20 22:19:20,789 basehttp "GET /static/css/bootstrap.rtl.css HTTP/1.1" 200 280259
INFO 2024-12-20 22:19:20,795 basehttp "GET /static/img/settings.png HTTP/1.1" 200 21053
INFO 2024-12-20 22:19:20,809 basehttp "GET /static/js/bootstrap.bundle.js HTTP/1.1" 200 207819
INFO 2024-12-20 22:19:20,854 basehttp "GET /static/fonts/Shabwa.ttf HTTP/1.1" 200 51148
INFO 2024-12-20 22:19:20,854 basehttp "GET /static/fonts/Shabwa-Medium.ttf HTTP/1.1" 200 51776
INFO 2024-12-20 22:19:20,856 basehttp "GET /static/fonts/Shabwa-Bold.ttf HTTP/1.1" 200 49452
INFO 2024-12-20 22:19:20,861 basehttp "GET /static/pdfjs/build/pdf.mjs HTTP/1.1" 200 628531
INFO 2024-12-20 22:19:21,170 basehttp "GET /static/favicon.png HTTP/1.1" 200 6093
INFO 2024-12-20 22:19:28,893 basehttp "GET /manage/ministers/ HTTP/1.1" 200 3289
INFO 2024-12-20 22:19:29,000 basehttp "GET /static/css/style.css HTTP/1.1" 200 9649
INFO 2024-12-20 22:19:29,004 basehttp "GET /static/img/incoming-mail.png HTTP/1.1" 200 27510
INFO 2024-12-20 22:19:29,006 basehttp "GET /static/css/flatpickr.css HTTP/1.1" 200 20981
INFO 2024-12-20 22:19:29,011 basehttp "GET /static/img/outgoing-mail.png HTTP/1.1" 200 27599
INFO 2024-12-20 22:19:29,030 basehttp "GET /static/img/internal-mail.png HTTP/1.1" 200 12268
INFO 2024-12-20 22:19:29,044 basehttp "GET /static/img/report.png HTTP/1.1" 200 15471
INFO 2024-12-20 22:19:29,046 basehttp "GET /static/img/decrees.png HTTP/1.1" 200 15258
INFO 2024-12-20 22:19:29,070 basehttp "GET /static/css/bootstrap.rtl.css HTTP/1.1" 200 280259
INFO 2024-12-20 22:19:29,077 basehttp "GET /static/js/details.js HTTP/1.1" 200 6618
INFO 2024-12-20 22:19:29,082 basehttp "GET /static/js/flatpickr.js HTTP/1.1" 200 89905
INFO 2024-12-20 22:19:29,090 basehttp "GET /static/img/settings.png HTTP/1.1" 200 21053
INFO 2024-12-20 22:19:29,105 basehttp "GET /static/js/bootstrap.bundle.js HTTP/1.1" 200 207819
INFO 2024-12-20 22:19:29,146 basehttp "GET /static/pdfjs/build/pdf.mjs HTTP/1.1" 200 628531
INFO 2024-12-20 22:19:29,163 basehttp "GET /static/fonts/Shabwa-Medium.ttf HTTP/1.1" 200 51776
INFO 2024-12-20 22:19:29,167 basehttp "GET /static/fonts/Shabwa.ttf HTTP/1.1" 200 51148
INFO 2024-12-20 22:19:29,171 basehttp "GET /static/fonts/Shabwa-Bold.ttf HTTP/1.1" 200 49452
INFO 2024-12-20 22:19:29,614 basehttp "GET /static/favicon.png HTTP/1.1" 200 6093
INFO 2024-12-20 22:19:29,870 basehttp "GET /manage/ministers/ HTTP/1.1" 200 3267
INFO 2024-12-20 22:19:29,973 basehttp "GET /static/css/style.css HTTP/1.1" 200 9649
INFO 2024-12-20 22:19:29,976 basehttp "GET /static/css/flatpickr.css HTTP/1.1" 200 20981
INFO 2024-12-20 22:19:29,978 basehttp "GET /static/img/outgoing-mail.png HTTP/1.1" 200 27599
INFO 2024-12-20 22:19:29,978 basehttp "GET /static/img/incoming-mail.png HTTP/1.1" 200 27510
INFO 2024-12-20 22:19:30,000 basehttp "GET /static/img/internal-mail.png HTTP/1.1" 200 12268
INFO 2024-12-20 22:19:30,012 basehttp "GET /static/img/decrees.png HTTP/1.1" 200 15258
INFO 2024-12-20 22:19:30,014 basehttp "GET /static/img/report.png HTTP/1.1" 200 15471
INFO 2024-12-20 22:19:30,053 basehttp "GET /static/js/details.js HTTP/1.1" 200 6618
INFO 2024-12-20 22:19:30,056 basehttp "GET /static/css/bootstrap.rtl.css HTTP/1.1" 200 280259
INFO 2024-12-20 22:19:30,063 basehttp "GET /static/js/flatpickr.js HTTP/1.1" 200 89905
INFO 2024-12-20 22:19:30,075 basehttp "GET /static/img/settings.png HTTP/1.1" 200 21053
INFO 2024-12-20 22:19:30,108 basehttp "GET /static/js/bootstrap.bundle.js HTTP/1.1" 200 207819
INFO 2024-12-20 22:19:30,128 basehttp "GET /static/fonts/Shabwa.ttf HTTP/1.1" 200 51148
INFO 2024-12-20 22:19:30,137 basehttp "GET /static/fonts/Shabwa-Medium.ttf HTTP/1.1" 200 51776
INFO 2024-12-20 22:19:30,142 basehttp "GET /static/fonts/Shabwa-Bold.ttf HTTP/1.1" 200 49452
INFO 2024-12-20 22:19:30,167 basehttp "GET /static/pdfjs/build/pdf.mjs HTTP/1.1" 200 628531
INFO 2024-12-20 22:19:30,518 basehttp "GET /static/favicon.png HTTP/1.1" 200 6093
INFO 2024-12-20 22:19:48,441 basehttp "GET /manage/ministers/ HTTP/1.1" 200 3282
INFO 2024-12-20 22:19:48,523 basehttp "GET /static/css/style.css HTTP/1.1" 200 9648
INFO 2024-12-20 22:19:48,525 basehttp "GET /static/css/flatpickr.css HTTP/1.1" 200 20981
INFO 2024-12-20 22:19:48,528 basehttp "GET /static/img/incoming-mail.png HTTP/1.1" 200 27510
INFO 2024-12-20 22:19:48,530 basehttp "GET /static/img/outgoing-mail.png HTTP/1.1" 200 27599
INFO 2024-12-20 22:19:48,545 basehttp "GET /static/img/internal-mail.png HTTP/1.1" 200 12268
INFO 2024-12-20 22:19:48,550 basehttp "GET /static/img/decrees.png HTTP/1.1" 200 15258
INFO 2024-12-20 22:19:48,556 basehttp "GET /static/img/report.png HTTP/1.1" 200 15471
INFO 2024-12-20 22:19:48,575 basehttp "GET /static/js/details.js HTTP/1.1" 200 6618
INFO 2024-12-20 22:19:48,581 basehttp "GET /static/css/bootstrap.rtl.css HTTP/1.1" 200 280259
INFO 2024-12-20 22:19:48,584 basehttp "GET /static/js/flatpickr.js HTTP/1.1" 200 89905
INFO 2024-12-20 22:19:48,596 basehttp "GET /static/img/settings.png HTTP/1.1" 200 21053
INFO 2024-12-20 22:19:48,608 basehttp "GET /static/js/bootstrap.bundle.js HTTP/1.1" 200 207819
INFO 2024-12-20 22:19:48,645 basehttp "GET /static/fonts/Shabwa.ttf HTTP/1.1" 200 51148
INFO 2024-12-20 22:19:48,646 basehttp "GET /static/fonts/Shabwa-Medium.ttf HTTP/1.1" 200 51776
INFO 2024-12-20 22:19:48,649 basehttp "GET /static/fonts/Shabwa-Bold.ttf HTTP/1.1" 200 49452
INFO 2024-12-20 22:19:48,651 basehttp "GET /static/pdfjs/build/pdf.mjs HTTP/1.1" 200 628531
INFO 2024-12-20 22:19:48,975 basehttp "GET /static/favicon.png HTTP/1.1" 200 6093
INFO 2024-12-20 22:20:06,741 basehttp "GET /manage/departments/ HTTP/1.1" 200 3149
INFO 2024-12-20 22:20:06,828 basehttp "GET /static/css/style.css HTTP/1.1" 304 0
INFO 2024-12-20 22:20:09,620 views Submitted Query: 
INFO 2024-12-20 22:20:09,623 views Returned 0 documents for model 'outgoing'.
INFO 2024-12-20 22:20:09,639 basehttp "GET /documents/outgoing/ HTTP/1.1" 200 3385
INFO 2024-12-20 22:20:09,703 basehttp "GET /static/css/style.css HTTP/1.1" 304 0
